DEBUG tests/imgtools_tests.c:main:17: ----- RUNNING: ./tests/imgtools_tests
DEBUG tests/imgtools_tests.c:all_tests:12: 
----- test_laplacianTransform
DEBUG tests/imgtools_tests.c:main:17: ----- RUNNING: ./tests/imgtools_tests
DEBUG tests/imgtools_tests.c:all_tests:12: 
----- test_laplacianTransform
DEBUG tests/imgtools_tests.c:main:17: ----- RUNNING: ./tests/imgtools_tests
DEBUG tests/imgtools_tests.c:all_tests:12: 
----- test_laplacianTransform
DEBUG tests/imgtools_tests.c:main:17: ----- RUNNING: ./tests/imgtools_tests
DEBUG tests/imgtools_tests.c:all_tests:12: 
----- test_laplacianTransform
DEBUG tests/imgtools_tests.c:main:17: ----- RUNNING: ./tests/imgtools_tests
DEBUG tests/imgtools_tests.c:all_tests:12: 
----- test_laplacianTransform
DEBUG tests/imgtools_tests.c:main:17: ----- RUNNING: ./tests/imgtools_tests
DEBUG tests/imgtools_tests.c:all_tests:12: 
----- test_laplacianTransform
DEBUG tests/imgtools_tests.c:main:18: ----- RUNNING: ./tests/imgtools_tests
DEBUG tests/imgtools_tests.c:all_tests:13: 
----- test_laplacianTransform
DEBUG tests/imgtools_tests.c:main:23: ----- RUNNING: ./tests/imgtools_tests
DEBUG tests/imgtools_tests.c:all_tests:18: 
----- test_laplacianTransform
[ERROR] (test_laplacianTransform:tests/imgtools_tests.c:7: errno: None) laplacianTransform rc != 0
Segmentation fault
DEBUG tests/imgtools_tests.c:main:23: ----- RUNNING: ./tests/imgtools_tests
DEBUG tests/imgtools_tests.c:all_tests:18: 
----- test_laplacianTransform
[ERROR] (test_laplacianTransform:tests/imgtools_tests.c:7: errno: None) laplacianTransform rc != 0
Segmentation fault
DEBUG tests/imgtools_tests.c:main:23: ----- RUNNING: ./tests/imgtools_tests
DEBUG tests/imgtools_tests.c:all_tests:18: 
----- test_laplacianTransform
[ERROR] (test_laplacianTransform:tests/imgtools_tests.c:7: errno: None) laplacianTransform rc != 0
Segmentation fault
DEBUG tests/imgtools_tests.c:main:23: ----- RUNNING: ./tests/imgtools_tests
DEBUG tests/imgtools_tests.c:all_tests:18: 
----- test_laplacianTransform
[ERROR] (test_laplacianTransform:tests/imgtools_tests.c:7: errno: None) laplacianTransform rc != 0
Segmentation fault
DEBUG tests/imgtools_tests.c:main:23: ----- RUNNING: ./tests/imgtools_tests
DEBUG tests/imgtools_tests.c:all_tests:18: 
----- test_laplacianTransform
[ERROR] (test_laplacianTransform:tests/imgtools_tests.c:7: errno: None) laplacianTransform rc != 0
Segmentation fault
DEBUG tests/imgtools_tests.c:main:23: ----- RUNNING: ./tests/imgtools_tests
DEBUG tests/imgtools_tests.c:all_tests:18: 
----- test_laplacianTransform
[ERROR] (test_laplacianTransform:tests/imgtools_tests.c:7: errno: None) laplacianTransform rc != 0
Segmentation fault
DEBUG tests/imgtools_tests.c:main:23: ----- RUNNING: ./tests/imgtools_tests
DEBUG tests/imgtools_tests.c:all_tests:18: 
----- test_laplacianTransform
[ERROR] (test_laplacianTransform:tests/imgtools_tests.c:7: errno: None) laplacianTransform rc != 0
DEBUG tests/imgtools_tests.c:main:21: ----- RUNNING: ./tests/imgtools_tests
DEBUG tests/imgtools_tests.c:all_tests:16: 
----- test_laplacianTransform
[ERROR] (test_laplacianTransform:tests/imgtools_tests.c:7: errno: None) laplacianTransform rc != 0
DEBUG tests/imgtools_tests.c:main:21: ----- RUNNING: ./tests/imgtools_tests
DEBUG tests/imgtools_tests.c:all_tests:16: 
----- test_laplacianTransform
DEBUG tests/imgtools_tests.c:main:24: ----- RUNNING: ./tests/imgtools_tests
DEBUG tests/imgtools_tests.c:all_tests:19: 
----- test_laplacianTransform
DEBUG tests/imgtools_tests.c:main:44: ----- RUNNING: ./tests/imgtools_tests
DEBUG tests/imgtools_tests.c:all_tests:39: 
----- test_laplacianTransform
*** buffer overflow detected ***: terminated
Aborted
DEBUG tests/imgtools_tests.c:main:44: ----- RUNNING: ./tests/imgtools_tests
DEBUG tests/imgtools_tests.c:all_tests:39: 
----- test_laplacianTransform
[ERROR] (test_laplacianTransform:tests/imgtools_tests.c:22: errno: None) src of 1s doesn't produce tgt of 0s
DEBUG tests/imgtools_tests.c:main:51: ----- RUNNING: ./tests/imgtools_tests
DEBUG tests/imgtools_tests.c:all_tests:46: 
----- test_laplacianTransform
DEBUG tests/imgtools_tests.c:main:51: ----- RUNNING: ./tests/imgtools_tests
DEBUG tests/imgtools_tests.c:all_tests:46: 
----- test_laplacianTransform
[ERROR] (test_laplacianTransform:tests/imgtools_tests.c:29: errno: None) src of 1s doesn't produce tgt of 0s
DEBUG tests/imgtools_tests.c:main:76: ----- RUNNING: ./tests/imgtools_tests
DEBUG tests/imgtools_tests.c:all_tests:71: 
----- test_laplacianTransform
[ERROR] (test_laplacianTransform:tests/imgtools_tests.c:54: errno: None) laplacian failed on non-universal array
DEBUG tests/imgtools_tests.c:main:76: ----- RUNNING: ./tests/imgtools_tests
DEBUG tests/imgtools_tests.c:all_tests:71: 
----- test_laplacianTransform
[ERROR] (test_laplacianTransform:tests/imgtools_tests.c:54: errno: None) laplacian failed on non-universal array
DEBUG tests/imgtools_tests.c:main:76: ----- RUNNING: ./tests/imgtools_tests
DEBUG tests/imgtools_tests.c:all_tests:71: 
----- test_laplacianTransform
[ERROR] (test_laplacianTransform:tests/imgtools_tests.c:54: errno: None) laplacian failed on non-universal array
DEBUG tests/imgtools_tests.c:main:80: ----- RUNNING: ./tests/imgtools_tests
DEBUG tests/imgtools_tests.c:all_tests:75: 
----- test_laplacianTransform
DEBUG tests/imgtools_tests.c:main:80: ----- RUNNING: ./tests/imgtools_tests
DEBUG tests/imgtools_tests.c:all_tests:75: 
----- test_laplacianTransform
DEBUG tests/imgtools_tests.c:main:80: ----- RUNNING: ./tests/imgtools_tests
DEBUG tests/imgtools_tests.c:all_tests:75: 
----- test_laplacianTransform
DEBUG tests/imgtools_tests.c:main:80: ----- RUNNING: ./tests/imgtools_tests
DEBUG tests/imgtools_tests.c:all_tests:75: 
----- test_laplacianTransform
DEBUG tests/imgtools_tests.c:main:80: ----- RUNNING: ./tests/imgtools_tests
DEBUG tests/imgtools_tests.c:all_tests:75: 
----- test_laplacianTransform
DEBUG tests/imgtools_tests.c:main:80: ----- RUNNING: ./tests/imgtools_tests
DEBUG tests/imgtools_tests.c:all_tests:75: 
----- test_laplacianTransform
[ERROR] (test_laplacianTransform:tests/imgtools_tests.c:58: errno: None) laplacian failed on non-universal array
DEBUG tests/imgtools_tests.c:main:82: ----- RUNNING: ./tests/imgtools_tests
DEBUG tests/imgtools_tests.c:all_tests:77: 
----- test_laplacianTransform
DEBUG tests/imgtools_tests.c:main:84: ----- RUNNING: ./tests/imgtools_tests
DEBUG tests/imgtools_tests.c:all_tests:79: 
----- test_laplacianTransform
DEBUG tests/imgtools_tests.c:main:84: ----- RUNNING: ./tests/imgtools_tests
DEBUG tests/imgtools_tests.c:all_tests:79: 
----- test_laplacianTransform
DEBUG tests/imgtools_tests.c:main:95: ----- RUNNING: ./tests/imgtools_tests
DEBUG tests/imgtools_tests.c:all_tests:90: 
----- test_laplacianTransform
DEBUG tests/imgtools_tests.c:main:95: ----- RUNNING: ./tests/imgtools_tests
DEBUG tests/imgtools_tests.c:all_tests:90: 
----- test_laplacianTransform
DEBUG tests/imgtools_tests.c:main:95: ----- RUNNING: ./tests/imgtools_tests
DEBUG tests/imgtools_tests.c:all_tests:90: 
----- test_laplacianTransform
DEBUG tests/imgtools_tests.c:main:98: ----- RUNNING: ./tests/imgtools_tests
DEBUG tests/imgtools_tests.c:all_tests:93: 
----- test_laplacianTransform
DEBUG tests/imgtools_tests.c:main:98: ----- RUNNING: ./tests/imgtools_tests
DEBUG tests/imgtools_tests.c:all_tests:93: 
----- test_laplacianTransform
DEBUG tests/imgtools_tests.c:main:98: ----- RUNNING: ./tests/imgtools_tests
DEBUG tests/imgtools_tests.c:all_tests:93: 
----- test_laplacianTransform
DEBUG tests/imgtools_tests.c:main:98: ----- RUNNING: ./tests/imgtools_tests
DEBUG tests/imgtools_tests.c:all_tests:93: 
----- test_laplacianTransform
DEBUG tests/imgtools_tests.c:main:99: ----- RUNNING: ./tests/imgtools_tests
DEBUG tests/imgtools_tests.c:all_tests:93: 
----- test_laplacianTransform
DEBUG tests/imgtools_tests.c:all_tests:94: 
----- test_loadBnp_destroyImage
[ERROR] (loadBnp:src/imgtools.c:52: errno: No such file or directory) error opening file
[ERROR] (test_loadBnp_destroyImage:tests/imgtools_tests.c:80: errno: None) failed to load img
DEBUG tests/imgtools_tests.c:main:99: ----- RUNNING: ./tests/imgtools_tests

DEBUG tests/imgtools_tests.c:all_tests:93: 
----- test_laplacianTransform
DEBUG tests/imgtools_tests.c:all_tests:94: 
----- test_loadBnp_destroyImage
[ERROR] (loadBnp:src/imgtools.c:52: errno: No such file or directory) error opening file
[ERROR] (test_loadBnp_destroyImage:tests/imgtools_tests.c:80: errno: None) failed to load img
DEBUG tests/imgtools_tests.c:main:99: 
----- RUNNING: ./tests/imgtools_tests

DEBUG tests/imgtools_tests.c:all_tests:93: 
----- test_laplacianTransform
DEBUG tests/imgtools_tests.c:all_tests:94: 
----- test_loadBnp_destroyImage
[ERROR] (loadBnp:src/imgtools.c:52: errno: No such file or directory) error opening file
[ERROR] (test_loadBnp_destroyImage:tests/imgtools_tests.c:80: errno: None) failed to load img
DEBUG tests/imgtools_tests.c:main:99: ----- RUNNING: ./tests/imgtools_tests

DEBUG tests/imgtools_tests.c:all_tests:93: 
----- test_laplacianTransform
DEBUG tests/imgtools_tests.c:all_tests:94: 
----- test_loadBnp_destroyImage
[ERROR] (loadBnp:src/imgtools.c:52: errno: No such file or directory) error opening file
[ERROR] (test_loadBnp_destroyImage:tests/imgtools_tests.c:80: errno: None) failed to load img
DEBUG tests/imgtools_tests.c:main:99: ----- RUNNING: ./tests/imgtools_tests

DEBUG tests/imgtools_tests.c:all_tests:93: 
----- test_laplacianTransform
DEBUG tests/imgtools_tests.c:all_tests:94: 
----- test_loadBnp_destroyImage
[ERROR] (loadBnp:src/imgtools.c:52: errno: No such file or directory) error opening file
[ERROR] (test_loadBnp_destroyImage:tests/imgtools_tests.c:80: errno: None) failed to load img
DEBUG tests/imgtools_tests.c:main:99: ----- RUNNING: ./tests/imgtools_tests

DEBUG tests/imgtools_tests.c:all_tests:93: 
----- test_laplacianTransform
DEBUG tests/imgtools_tests.c:all_tests:94: 
----- test_loadBnp_destroyImage
DEBUG tests/imgtools_tests.c:main:135: ----- RUNNING: ./tests/imgtools_tests

DEBUG tests/imgtools_tests.c:all_tests:128: 
----- test_laplacianTransform
DEBUG tests/imgtools_tests.c:all_tests:129: 
----- test_loadBnp_destroyImage
DEBUG tests/imgtools_tests.c:all_tests:130: 
----- test_switchLineOrder
Segmentation fault
DEBUG tests/imgtools_tests.c:main:135: ----- RUNNING: ./tests/imgtools_tests

DEBUG tests/imgtools_tests.c:all_tests:128: 
----- test_laplacianTransform
DEBUG tests/imgtools_tests.c:all_tests:129: 
----- test_loadBnp_destroyImage
DEBUG tests/imgtools_tests.c:all_tests:130: 
----- test_switchLineOrder
Segmentation fault
DEBUG tests/imgtools_tests.c:main:136: ----- RUNNING: ./tests/imgtools_tests

DEBUG tests/imgtools_tests.c:all_tests:129: 
----- test_laplacianTransform
DEBUG tests/imgtools_tests.c:all_tests:130: 
----- test_loadBnp_destroyImage
DEBUG tests/imgtools_tests.c:all_tests:131: 
----- test_switchLineOrder
Segmentation fault
DEBUG tests/imgtools_tests.c:main:137: ----- RUNNING: ./tests/imgtools_tests

DEBUG tests/imgtools_tests.c:all_tests:130: 
----- test_laplacianTransform
DEBUG tests/imgtools_tests.c:all_tests:131: 
----- test_loadBnp_destroyImage
DEBUG tests/imgtools_tests.c:all_tests:132: 
----- test_switchLineOrder
Segmentation fault
DEBUG tests/imgtools_tests.c:main:138: ----- RUNNING: ./tests/imgtools_tests

DEBUG tests/imgtools_tests.c:all_tests:131: 
----- test_laplacianTransform
DEBUG tests/imgtools_tests.c:all_tests:132: 
----- test_loadBnp_destroyImage
DEBUG tests/imgtools_tests.c:all_tests:133: 
----- test_switchLineOrder
Segmentation fault
DEBUG tests/imgtools_tests.c:main:138: ----- RUNNING: ./tests/imgtools_tests

DEBUG tests/imgtools_tests.c:all_tests:131: 
----- test_laplacianTransform
DEBUG tests/imgtools_tests.c:all_tests:132: 
----- test_loadBnp_destroyImage
DEBUG tests/imgtools_tests.c:all_tests:133: 
----- test_switchLineOrder
Segmentation fault
DEBUG tests/imgtools_tests.c:main:138: ----- RUNNING: ./tests/imgtools_tests

DEBUG tests/imgtools_tests.c:all_tests:131: 
----- test_laplacianTransform
DEBUG tests/imgtools_tests.c:all_tests:132: 
----- test_loadBnp_destroyImage
DEBUG tests/imgtools_tests.c:all_tests:133: 
----- test_switchLineOrder
Segmentation fault
DEBUG tests/imgtools_tests.c:main:138: ----- RUNNING: ./tests/imgtools_tests

DEBUG tests/imgtools_tests.c:all_tests:131: 
----- test_laplacianTransform
DEBUG tests/imgtools_tests.c:all_tests:132: 
----- test_loadBnp_destroyImage
DEBUG tests/imgtools_tests.c:all_tests:133: 
----- test_switchLineOrder
Segmentation fault
DEBUG tests/imgtools_tests.c:main:155: ----- RUNNING: ./tests/imgtools_tests

DEBUG tests/imgtools_tests.c:all_tests:148: 
----- test_laplacianTransform
DEBUG tests/imgtools_tests.c:all_tests:149: 
----- test_loadBnp_destroyImage
DEBUG tests/imgtools_tests.c:all_tests:150: 
----- test_switchLineOrder
DEBUG tests/imgtools_tests.c:main:152: ----- RUNNING: ./tests/imgtools_tests

DEBUG tests/imgtools_tests.c:all_tests:145: 
----- test_laplacianTransform
DEBUG tests/imgtools_tests.c:all_tests:146: 
----- test_loadBnp_destroyImage
DEBUG tests/imgtools_tests.c:all_tests:147: 
----- test_switchLineOrder
DEBUG tests/imgtools_tests.c:main:152: ----- RUNNING: ./tests/imgtools_tests

DEBUG tests/imgtools_tests.c:all_tests:145: 
----- test_laplacianTransform
DEBUG tests/imgtools_tests.c:all_tests:146: 
----- test_loadBnp_destroyImage
DEBUG tests/imgtools_tests.c:all_tests:147: 
----- test_switchLineOrder
DEBUG tests/imgtools_tests.c:main:152: ----- RUNNING: ./tests/imgtools_tests

DEBUG tests/imgtools_tests.c:all_tests:145: 
----- test_laplacianTransform
DEBUG tests/imgtools_tests.c:all_tests:146: 
----- test_loadBnp_destroyImage
DEBUG tests/imgtools_tests.c:all_tests:147: 
----- test_switchLineOrder
DEBUG tests/imgtools_tests.c:main:152: ----- RUNNING: ./tests/imgtools_tests

DEBUG tests/imgtools_tests.c:all_tests:145: 
----- test_laplacianTransform
DEBUG tests/imgtools_tests.c:all_tests:146: 
----- test_loadBnp_destroyImage
DEBUG tests/imgtools_tests.c:all_tests:147: 
----- test_switchLineOrder
DEBUG tests/imgtools_tests.c:main:153: ----- RUNNING: ./tests/imgtools_tests

DEBUG tests/imgtools_tests.c:all_tests:146: 
----- test_laplacianTransform
DEBUG tests/imgtools_tests.c:all_tests:147: 
----- test_loadBnp_destroyImage
DEBUG tests/imgtools_tests.c:all_tests:148: 
----- test_switchLineOrder
DEBUG tests/imgtools_tests.c:main:153: ----- RUNNING: ./tests/imgtools_tests

DEBUG tests/imgtools_tests.c:all_tests:146: 
----- test_laplacianTransform
DEBUG tests/imgtools_tests.c:all_tests:147: 
----- test_loadBnp_destroyImage
DEBUG tests/imgtools_tests.c:all_tests:148: 
----- test_switchLineOrder
[ERROR] (test_switchLineOrder:tests/imgtools_tests.c:132: errno: None) switchLineOrder didn't reverse
DEBUG tests/imgtools_tests.c:main:153: ----- RUNNING: ./tests/imgtools_tests

DEBUG tests/imgtools_tests.c:all_tests:146: 
----- test_laplacianTransform
DEBUG tests/imgtools_tests.c:all_tests:147: 
----- test_loadBnp_destroyImage
DEBUG tests/imgtools_tests.c:all_tests:148: 
----- test_switchLineOrder
[ERROR] (test_switchLineOrder:tests/imgtools_tests.c:132: errno: None) switchLineOrder didn't reverse
DEBUG tests/imgtools_tests.c:main:154: ----- RUNNING: ./tests/imgtools_tests

DEBUG tests/imgtools_tests.c:all_tests:147: 
----- test_laplacianTransform
DEBUG tests/imgtools_tests.c:all_tests:148: 
----- test_loadBnp_destroyImage
DEBUG tests/imgtools_tests.c:all_tests:149: 
----- test_switchLineOrder
DEBUG tests/imgtools_tests.c:main:155: ----- RUNNING: ./tests/imgtools_tests

DEBUG tests/imgtools_tests.c:all_tests:148: 
----- test_laplacianTransform
DEBUG tests/imgtools_tests.c:all_tests:149: 
----- test_loadBnp_destroyImage
DEBUG tests/imgtools_tests.c:all_tests:150: 
----- test_switchLineOrder
DEBUG tests/imgtools_tests.c:main:155: ----- RUNNING: ./tests/imgtools_tests

DEBUG tests/imgtools_tests.c:all_tests:148: 
----- test_laplacianTransform
DEBUG tests/imgtools_tests.c:all_tests:149: 
----- test_loadBnp_destroyImage
DEBUG tests/imgtools_tests.c:all_tests:150: 
----- test_switchLineOrder
DEBUG tests/imgtools_tests.c:main:155: ----- RUNNING: ./tests/imgtools_tests

DEBUG tests/imgtools_tests.c:all_tests:148: 
----- test_laplacianTransform
DEBUG tests/imgtools_tests.c:all_tests:149: 
----- test_loadBnp_destroyImage
DEBUG tests/imgtools_tests.c:all_tests:150: 
----- test_switchLineOrder
DEBUG tests/imgtools_tests.c:main:195: ----- RUNNING: ./tests/imgtools_tests

DEBUG tests/imgtools_tests.c:all_tests:186: 
----- test_laplacianTransform
DEBUG tests/imgtools_tests.c:all_tests:187: 
----- test_loadBnp_destroyImage
DEBUG tests/imgtools_tests.c:all_tests:188: 
----- test_switchLineOrder
DEBUG tests/imgtools_tests.c:all_tests:189: 
----- test_var
DEBUG tests/imgtools_tests.c:all_tests:190: 
----- test_calcVol
DEBUG tests/imgtools_tests.c:main:208: ----- RUNNING: ./tests/imgtools_tests

DEBUG tests/imgtools_tests.c:all_tests:199: 
----- test_laplacianTransform
DEBUG tests/imgtools_tests.c:all_tests:200: 
----- test_loadBnp_destroyImage
DEBUG tests/imgtools_tests.c:all_tests:201: 
----- test_switchLineOrder
DEBUG tests/imgtools_tests.c:all_tests:202: 
----- test_var
[ERROR] (test_var:tests/imgtools_tests.c:156: errno: None) var didn't produce expected variance
DEBUG tests/imgtools_tests.c:main:209: ----- RUNNING: ./tests/imgtools_tests

DEBUG tests/imgtools_tests.c:all_tests:200: 
----- test_laplacianTransform
DEBUG tests/imgtools_tests.c:all_tests:201: 
----- test_loadBnp_destroyImage
DEBUG tests/imgtools_tests.c:all_tests:202: 
----- test_switchLineOrder
DEBUG tests/imgtools_tests.c:all_tests:203: 
----- test_var
[ERROR] (test_var:tests/imgtools_tests.c:157: errno: None) var() didn't produce expected variance
DEBUG tests/imgtools_tests.c:main:209: ----- RUNNING: ./tests/imgtools_tests

DEBUG tests/imgtools_tests.c:all_tests:200: 
----- test_laplacianTransform
DEBUG tests/imgtools_tests.c:all_tests:201: 
----- test_loadBnp_destroyImage
DEBUG tests/imgtools_tests.c:all_tests:202: 
----- test_switchLineOrder
DEBUG tests/imgtools_tests.c:all_tests:203: 
----- test_var
[ERROR] (test_var:tests/imgtools_tests.c:157: errno: None) var() didn't produce expected variance
DEBUG tests/imgtools_tests.c:main:209: ----- RUNNING: ./tests/imgtools_tests

DEBUG tests/imgtools_tests.c:all_tests:200: 
----- test_laplacianTransform
DEBUG tests/imgtools_tests.c:all_tests:201: 
----- test_loadBnp_destroyImage
DEBUG tests/imgtools_tests.c:all_tests:202: 
----- test_switchLineOrder
DEBUG tests/imgtools_tests.c:all_tests:203: 
----- test_var
DEBUG tests/imgtools_tests.c:all_tests:204: 
----- test_calcVol
DEBUG tests/imgtools_tests.c:main:212: ----- RUNNING: ./tests/imgtools_tests

DEBUG tests/imgtools_tests.c:all_tests:203: 
----- test_laplacianTransform
DEBUG tests/imgtools_tests.c:all_tests:204: 
----- test_loadBnp_destroyImage
DEBUG tests/imgtools_tests.c:all_tests:205: 
----- test_switchLineOrder
DEBUG tests/imgtools_tests.c:all_tests:206: 
----- test_var
DEBUG tests/imgtools_tests.c:all_tests:207: 
----- test_calcVol
[ERROR] (loadBnp:src/imgtools.c:53: errno: No such file or directory) error opening file
Segmentation fault
DEBUG tests/imgtools_tests.c:main:212: ----- RUNNING: ./tests/imgtools_tests

DEBUG tests/imgtools_tests.c:all_tests:203: 
----- test_laplacianTransform
DEBUG tests/imgtools_tests.c:all_tests:204: 
----- test_loadBnp_destroyImage
DEBUG tests/imgtools_tests.c:all_tests:205: 
----- test_switchLineOrder
DEBUG tests/imgtools_tests.c:all_tests:206: 
----- test_var
DEBUG tests/imgtools_tests.c:all_tests:207: 
----- test_calcVol
DEBUG tests/imgtools_tests.c:main:214: ----- RUNNING: ./tests/imgtools_tests

DEBUG tests/imgtools_tests.c:all_tests:205: 
----- test_laplacianTransform
DEBUG tests/imgtools_tests.c:all_tests:206: 
----- test_loadBnp_destroyImage
DEBUG tests/imgtools_tests.c:all_tests:207: 
----- test_switchLineOrder
DEBUG tests/imgtools_tests.c:all_tests:208: 
----- test_var
DEBUG tests/imgtools_tests.c:all_tests:209: 
----- test_calcVol
[ERROR] (test_calcVol:tests/imgtools_tests.c:197: errno: None) calcVol doesn't produce correct vol of tape1 img 0
DEBUG tests/imgtools_tests.c:main:215: ----- RUNNING: ./tests/imgtools_tests

DEBUG tests/imgtools_tests.c:all_tests:206: 
----- test_laplacianTransform
DEBUG tests/imgtools_tests.c:all_tests:207: 
----- test_loadBnp_destroyImage
DEBUG tests/imgtools_tests.c:all_tests:208: 
----- test_switchLineOrder
DEBUG tests/imgtools_tests.c:all_tests:209: 
----- test_var
DEBUG tests/imgtools_tests.c:all_tests:210: 
----- test_calcVol
[ERROR] (test_calcVol:tests/imgtools_tests.c:198: errno: None) calcVol doesn't produce correct vol of tape1 img 0
DEBUG tests/imgtools_tests.c:main:215: ----- RUNNING: ./tests/imgtools_tests

DEBUG tests/imgtools_tests.c:all_tests:206: 
----- test_laplacianTransform
DEBUG tests/imgtools_tests.c:all_tests:207: 
----- test_loadBnp_destroyImage
DEBUG tests/imgtools_tests.c:all_tests:208: 
----- test_switchLineOrder
DEBUG tests/imgtools_tests.c:all_tests:209: 
----- test_var
DEBUG tests/imgtools_tests.c:all_tests:210: 
----- test_calcVol
[ERROR] (test_calcVol:tests/imgtools_tests.c:198: errno: None) calcVol doesn't produce correct vol of tape1 img 0
DEBUG tests/imgtools_tests.c:main:215: ----- RUNNING: ./tests/imgtools_tests

DEBUG tests/imgtools_tests.c:all_tests:206: 
----- test_laplacianTransform
DEBUG tests/imgtools_tests.c:all_tests:207: 
----- test_loadBnp_destroyImage
DEBUG tests/imgtools_tests.c:all_tests:208: 
----- test_switchLineOrder
DEBUG tests/imgtools_tests.c:all_tests:209: 
----- test_var
DEBUG tests/imgtools_tests.c:all_tests:210: 
----- test_calcVol
[ERROR] (test_calcVol:tests/imgtools_tests.c:198: errno: None) calcVol doesn't produce correct vol of tape1 img 0
DEBUG tests/imgtools_tests.c:main:215: ----- RUNNING: ./tests/imgtools_tests

DEBUG tests/imgtools_tests.c:all_tests:206: 
----- test_laplacianTransform
DEBUG tests/imgtools_tests.c:all_tests:207: 
----- test_loadBnp_destroyImage
DEBUG tests/imgtools_tests.c:all_tests:208: 
----- test_switchLineOrder
DEBUG tests/imgtools_tests.c:all_tests:209: 
----- test_var
DEBUG tests/imgtools_tests.c:all_tests:210: 
----- test_calcVol
[ERROR] (test_calcVol:tests/imgtools_tests.c:198: errno: None) calcVol doesn't produce correct vol of tape1 img 0
DEBUG tests/imgtools_tests.c:main:215: ----- RUNNING: ./tests/imgtools_tests

DEBUG tests/imgtools_tests.c:all_tests:206: 
----- test_laplacianTransform
DEBUG tests/imgtools_tests.c:all_tests:207: 
----- test_loadBnp_destroyImage
DEBUG tests/imgtools_tests.c:all_tests:208: 
----- test_switchLineOrder
DEBUG tests/imgtools_tests.c:all_tests:209: 
----- test_var
DEBUG tests/imgtools_tests.c:all_tests:210: 
----- test_calcVol
[ERROR] (test_calcVol:tests/imgtools_tests.c:198: errno: None) calcVol doesn't produce correct vol of tape1 img 0
DEBUG tests/imgtools_tests.c:main:215: ----- RUNNING: ./tests/imgtools_tests

DEBUG tests/imgtools_tests.c:all_tests:206: 
----- test_laplacianTransform
DEBUG tests/imgtools_tests.c:all_tests:207: 
----- test_loadBnp_destroyImage
DEBUG tests/imgtools_tests.c:all_tests:208: 
----- test_switchLineOrder
DEBUG tests/imgtools_tests.c:all_tests:209: 
----- test_var
DEBUG tests/imgtools_tests.c:main:252: ----- RUNNING: ./tests/imgtools_tests

DEBUG tests/imgtools_tests.c:all_tests:243: 
----- test_laplacianTransform
DEBUG tests/imgtools_tests.c:all_tests:244: 
----- test_loadBnp_destroyImage
DEBUG tests/imgtools_tests.c:all_tests:245: 
----- test_switchLineOrder
DEBUG tests/imgtools_tests.c:all_tests:246: 
----- test_var
DEBUG tests/imgtools_tests.c:main:252: ----- RUNNING: ./tests/imgtools_tests

DEBUG tests/imgtools_tests.c:all_tests:243: 
----- test_laplacianTransform
DEBUG tests/imgtools_tests.c:all_tests:244: 
----- test_loadBnp_destroyImage
DEBUG tests/imgtools_tests.c:all_tests:245: 
----- test_switchLineOrder
DEBUG tests/imgtools_tests.c:all_tests:246: 
----- test_var
DEBUG tests/imgtools_tests.c:main:253: ----- RUNNING: ./tests/imgtools_tests

DEBUG tests/imgtools_tests.c:all_tests:243: 
----- test_laplacianTransform
DEBUG tests/imgtools_tests.c:all_tests:244: 
----- test_loadBnp_destroyImage
DEBUG tests/imgtools_tests.c:all_tests:245: 
----- test_switchLineOrder
DEBUG tests/imgtools_tests.c:all_tests:246: 
----- test_var
DEBUG tests/imgtools_tests.c:all_tests:247: 
----- test_padImg
[ERROR] (test_padImg:tests/imgtools_tests.c:192: errno: None) padImg failed to produce expected target!
DEBUG tests/imgtools_tests.c:main:254: ----- RUNNING: ./tests/imgtools_tests

DEBUG tests/imgtools_tests.c:all_tests:244: 
----- test_laplacianTransform
DEBUG tests/imgtools_tests.c:all_tests:245: 
----- test_loadBnp_destroyImage
DEBUG tests/imgtools_tests.c:all_tests:246: 
----- test_switchLineOrder
DEBUG tests/imgtools_tests.c:all_tests:247: 
----- test_var
DEBUG tests/imgtools_tests.c:all_tests:248: 
----- test_padImg
[ERROR] (test_padImg:tests/imgtools_tests.c:193: errno: None) padImg failed to produce expected target!
DEBUG tests/imgtools_tests.c:main:259: ----- RUNNING: ./tests/imgtools_tests

DEBUG tests/imgtools_tests.c:all_tests:249: 
----- test_laplacianTransform
DEBUG tests/imgtools_tests.c:all_tests:250: 
----- test_loadBnp_destroyImage
DEBUG tests/imgtools_tests.c:all_tests:251: 
----- test_switchLineOrder
DEBUG tests/imgtools_tests.c:all_tests:252: 
----- test_var
DEBUG tests/imgtools_tests.c:all_tests:253: 
----- test_padImg
[ERROR] (test_padImg:tests/imgtools_tests.c:198: errno: None) padImg failed to produce expected target!
DEBUG tests/imgtools_tests.c:main:259: ----- RUNNING: ./tests/imgtools_tests

DEBUG tests/imgtools_tests.c:all_tests:249: 
----- test_laplacianTransform
DEBUG tests/imgtools_tests.c:all_tests:250: 
----- test_loadBnp_destroyImage
DEBUG tests/imgtools_tests.c:all_tests:251: 
----- test_switchLineOrder
DEBUG tests/imgtools_tests.c:all_tests:252: 
----- test_var
DEBUG tests/imgtools_tests.c:all_tests:253: 
----- test_padImg
[ERROR] (test_padImg:tests/imgtools_tests.c:198: errno: None) padImg failed to produce expected target!
DEBUG tests/imgtools_tests.c:main:259: ----- RUNNING: ./tests/imgtools_tests

DEBUG tests/imgtools_tests.c:all_tests:249: 
----- test_laplacianTransform
DEBUG tests/imgtools_tests.c:all_tests:250: 
----- test_loadBnp_destroyImage
DEBUG tests/imgtools_tests.c:all_tests:251: 
----- test_switchLineOrder
DEBUG tests/imgtools_tests.c:all_tests:252: 
----- test_var
DEBUG tests/imgtools_tests.c:all_tests:253: 
----- test_padImg
[ERROR] (test_padImg:tests/imgtools_tests.c:198: errno: None) padImg failed to produce expected target!
DEBUG tests/imgtools_tests.c:main:259: ----- RUNNING: ./tests/imgtools_tests

DEBUG tests/imgtools_tests.c:all_tests:249: 
----- test_laplacianTransform
DEBUG tests/imgtools_tests.c:all_tests:250: 
----- test_loadBnp_destroyImage
DEBUG tests/imgtools_tests.c:all_tests:251: 
----- test_switchLineOrder
DEBUG tests/imgtools_tests.c:all_tests:252: 
----- test_var
DEBUG tests/imgtools_tests.c:all_tests:253: 
----- test_padImg
[ERROR] (test_padImg:tests/imgtools_tests.c:198: errno: None) padImg failed to produce expected target!
DEBUG tests/imgtools_tests.c:main:259: ----- RUNNING: ./tests/imgtools_tests

DEBUG tests/imgtools_tests.c:all_tests:249: 
----- test_laplacianTransform
DEBUG tests/imgtools_tests.c:all_tests:250: 
----- test_loadBnp_destroyImage
DEBUG tests/imgtools_tests.c:all_tests:251: 
----- test_switchLineOrder
DEBUG tests/imgtools_tests.c:all_tests:252: 
----- test_var
DEBUG tests/imgtools_tests.c:all_tests:253: 
----- test_padImg
[ERROR] (test_padImg:tests/imgtools_tests.c:198: errno: None) padImg failed to produce expected target!
DEBUG tests/imgtools_tests.c:main:259: ----- RUNNING: ./tests/imgtools_tests

DEBUG tests/imgtools_tests.c:all_tests:249: 
----- test_laplacianTransform
DEBUG tests/imgtools_tests.c:all_tests:250: 
----- test_loadBnp_destroyImage
DEBUG tests/imgtools_tests.c:all_tests:251: 
----- test_switchLineOrder
DEBUG tests/imgtools_tests.c:all_tests:252: 
----- test_var
DEBUG tests/imgtools_tests.c:all_tests:253: 
----- test_padImg
[ERROR] (test_padImg:tests/imgtools_tests.c:198: errno: None) padImg failed to produce expected target!
DEBUG tests/imgtools_tests.c:main:259: ----- RUNNING: ./tests/imgtools_tests

DEBUG tests/imgtools_tests.c:all_tests:249: 
----- test_laplacianTransform
DEBUG tests/imgtools_tests.c:all_tests:250: 
----- test_loadBnp_destroyImage
DEBUG tests/imgtools_tests.c:all_tests:251: 
----- test_switchLineOrder
DEBUG tests/imgtools_tests.c:all_tests:252: 
----- test_var
DEBUG tests/imgtools_tests.c:all_tests:253: 
----- test_padImg
[ERROR] (test_padImg:tests/imgtools_tests.c:198: errno: None) padImg failed to produce expected target!
DEBUG tests/imgtools_tests.c:main:259: ----- RUNNING: ./tests/imgtools_tests

DEBUG tests/imgtools_tests.c:all_tests:249: 
----- test_laplacianTransform
DEBUG tests/imgtools_tests.c:all_tests:250: 
----- test_loadBnp_destroyImage
DEBUG tests/imgtools_tests.c:all_tests:251: 
----- test_switchLineOrder
DEBUG tests/imgtools_tests.c:all_tests:252: 
----- test_var
DEBUG tests/imgtools_tests.c:all_tests:253: 
----- test_padImg
[ERROR] (test_padImg:tests/imgtools_tests.c:198: errno: None) padImg failed to produce expected target!
DEBUG tests/imgtools_tests.c:main:259: ----- RUNNING: ./tests/imgtools_tests

DEBUG tests/imgtools_tests.c:all_tests:249: 
----- test_laplacianTransform
DEBUG tests/imgtools_tests.c:all_tests:250: 
----- test_loadBnp_destroyImage
DEBUG tests/imgtools_tests.c:all_tests:251: 
----- test_switchLineOrder
DEBUG tests/imgtools_tests.c:all_tests:252: 
----- test_var
DEBUG tests/imgtools_tests.c:all_tests:253: 
----- test_padImg
[ERROR] (test_padImg:tests/imgtools_tests.c:198: errno: None) padImg failed to produce expected target!
DEBUG tests/imgtools_tests.c:main:259: ----- RUNNING: ./tests/imgtools_tests

DEBUG tests/imgtools_tests.c:all_tests:249: 
----- test_laplacianTransform
DEBUG tests/imgtools_tests.c:all_tests:250: 
----- test_loadBnp_destroyImage
DEBUG tests/imgtools_tests.c:all_tests:251: 
----- test_switchLineOrder
DEBUG tests/imgtools_tests.c:all_tests:252: 
----- test_var
DEBUG tests/imgtools_tests.c:all_tests:253: 
----- test_padImg
[ERROR] (test_padImg:tests/imgtools_tests.c:198: errno: None) padImg failed to produce expected target!
DEBUG tests/imgtools_tests.c:main:259: ----- RUNNING: ./tests/imgtools_tests

DEBUG tests/imgtools_tests.c:all_tests:249: 
----- test_laplacianTransform
DEBUG tests/imgtools_tests.c:all_tests:250: 
----- test_loadBnp_destroyImage
DEBUG tests/imgtools_tests.c:all_tests:251: 
----- test_switchLineOrder
DEBUG tests/imgtools_tests.c:all_tests:252: 
----- test_var
DEBUG tests/imgtools_tests.c:all_tests:253: 
----- test_padImg
[ERROR] (test_padImg:tests/imgtools_tests.c:198: errno: None) padImg failed to produce expected target!
DEBUG tests/imgtools_tests.c:main:259: ----- RUNNING: ./tests/imgtools_tests

DEBUG tests/imgtools_tests.c:all_tests:249: 
----- test_laplacianTransform
DEBUG tests/imgtools_tests.c:all_tests:250: 
----- test_loadBnp_destroyImage
DEBUG tests/imgtools_tests.c:all_tests:251: 
----- test_switchLineOrder
DEBUG tests/imgtools_tests.c:all_tests:252: 
----- test_var
DEBUG tests/imgtools_tests.c:all_tests:253: 
----- test_padImg
[ERROR] (test_padImg:tests/imgtools_tests.c:198: errno: None) padImg failed to produce expected target!
DEBUG tests/imgtools_tests.c:main:259: ----- RUNNING: ./tests/imgtools_tests

DEBUG tests/imgtools_tests.c:all_tests:249: 
----- test_laplacianTransform
DEBUG tests/imgtools_tests.c:all_tests:250: 
----- test_loadBnp_destroyImage
DEBUG tests/imgtools_tests.c:all_tests:251: 
----- test_switchLineOrder
DEBUG tests/imgtools_tests.c:all_tests:252: 
----- test_var
DEBUG tests/imgtools_tests.c:all_tests:253: 
----- test_padImg
[ERROR] (test_padImg:tests/imgtools_tests.c:198: errno: None) padImg failed to produce expected target!
DEBUG tests/imgtools_tests.c:main:259: ----- RUNNING: ./tests/imgtools_tests

DEBUG tests/imgtools_tests.c:all_tests:249: 
----- test_laplacianTransform
DEBUG tests/imgtools_tests.c:all_tests:250: 
----- test_loadBnp_destroyImage
DEBUG tests/imgtools_tests.c:all_tests:251: 
----- test_switchLineOrder
DEBUG tests/imgtools_tests.c:all_tests:252: 
----- test_var
DEBUG tests/imgtools_tests.c:all_tests:253: 
----- test_padImg
[ERROR] (test_padImg:tests/imgtools_tests.c:198: errno: None) padImg failed to produce expected target!
DEBUG tests/imgtools_tests.c:main:259: ----- RUNNING: ./tests/imgtools_tests

DEBUG tests/imgtools_tests.c:all_tests:249: 
----- test_laplacianTransform
DEBUG tests/imgtools_tests.c:all_tests:250: 
----- test_loadBnp_destroyImage
DEBUG tests/imgtools_tests.c:all_tests:251: 
----- test_switchLineOrder
DEBUG tests/imgtools_tests.c:all_tests:252: 
----- test_var
DEBUG tests/imgtools_tests.c:all_tests:253: 
----- test_padImg
[ERROR] (test_padImg:tests/imgtools_tests.c:198: errno: None) padImg failed to produce expected target!
DEBUG tests/imgtools_tests.c:main:259: ----- RUNNING: ./tests/imgtools_tests

DEBUG tests/imgtools_tests.c:all_tests:249: 
----- test_laplacianTransform
DEBUG tests/imgtools_tests.c:all_tests:250: 
----- test_loadBnp_destroyImage
DEBUG tests/imgtools_tests.c:all_tests:251: 
----- test_switchLineOrder
DEBUG tests/imgtools_tests.c:all_tests:252: 
----- test_var
DEBUG tests/imgtools_tests.c:all_tests:253: 
----- test_padImg
[ERROR] (test_padImg:tests/imgtools_tests.c:198: errno: None) padImg failed to produce expected target!
DEBUG tests/imgtools_tests.c:main:259: ----- RUNNING: ./tests/imgtools_tests

DEBUG tests/imgtools_tests.c:all_tests:249: 
----- test_laplacianTransform
DEBUG tests/imgtools_tests.c:all_tests:250: 
----- test_loadBnp_destroyImage
DEBUG tests/imgtools_tests.c:all_tests:251: 
----- test_switchLineOrder
DEBUG tests/imgtools_tests.c:all_tests:252: 
----- test_var
DEBUG tests/imgtools_tests.c:all_tests:253: 
----- test_padImg
[ERROR] (test_padImg:tests/imgtools_tests.c:198: errno: None) padImg failed to produce expected target!
DEBUG tests/imgtools_tests.c:main:259: ----- RUNNING: ./tests/imgtools_tests

DEBUG tests/imgtools_tests.c:all_tests:249: 
----- test_laplacianTransform
DEBUG tests/imgtools_tests.c:all_tests:250: 
----- test_loadBnp_destroyImage
DEBUG tests/imgtools_tests.c:all_tests:251: 
----- test_switchLineOrder
DEBUG tests/imgtools_tests.c:all_tests:252: 
----- test_var
DEBUG tests/imgtools_tests.c:all_tests:253: 
----- test_padImg
[ERROR] (test_padImg:tests/imgtools_tests.c:198: errno: None) padImg failed to produce expected target!
DEBUG tests/imgtools_tests.c:main:259: ----- RUNNING: ./tests/imgtools_tests

DEBUG tests/imgtools_tests.c:all_tests:249: 
----- test_laplacianTransform
DEBUG tests/imgtools_tests.c:all_tests:250: 
----- test_loadBnp_destroyImage
DEBUG tests/imgtools_tests.c:all_tests:251: 
----- test_switchLineOrder
DEBUG tests/imgtools_tests.c:all_tests:252: 
----- test_var
DEBUG tests/imgtools_tests.c:all_tests:253: 
----- test_padImg
DEBUG tests/imgtools_tests.c:main:260: ----- RUNNING: ./tests/imgtools_tests

DEBUG tests/imgtools_tests.c:all_tests:250: 
----- test_loadBnp_destroyImage
DEBUG tests/imgtools_tests.c:all_tests:251: 
----- test_switchLineOrder
DEBUG tests/imgtools_tests.c:all_tests:252: 
----- test_var
DEBUG tests/imgtools_tests.c:all_tests:253: 
----- test_padImg
DEBUG tests/imgtools_tests.c:all_tests:254: 
----- test_laplacianTransform
DEBUG tests/imgtools_tests.c:main:262: ----- RUNNING: ./tests/imgtools_tests

DEBUG tests/imgtools_tests.c:all_tests:252: 
----- test_loadBnp_destroyImage
DEBUG tests/imgtools_tests.c:all_tests:253: 
----- test_switchLineOrder
DEBUG tests/imgtools_tests.c:all_tests:254: 
----- test_var
DEBUG tests/imgtools_tests.c:all_tests:255: 
----- test_padImg
DEBUG tests/imgtools_tests.c:all_tests:256: 
----- test_laplacianTransform
DEBUG tests/imgtools_tests.c:main:262: ----- RUNNING: ./tests/imgtools_tests

DEBUG tests/imgtools_tests.c:all_tests:252: 
----- test_loadBnp_destroyImage
DEBUG tests/imgtools_tests.c:all_tests:253: 
----- test_switchLineOrder
DEBUG tests/imgtools_tests.c:all_tests:254: 
----- test_var
DEBUG tests/imgtools_tests.c:all_tests:255: 
----- test_padImg
DEBUG tests/imgtools_tests.c:all_tests:256: 
----- test_laplacianTransform
DEBUG tests/imgtools_tests.c:main:262: ----- RUNNING: ./tests/imgtools_tests

DEBUG tests/imgtools_tests.c:all_tests:252: 
----- test_loadBnp_destroyImage
DEBUG tests/imgtools_tests.c:all_tests:253: 
----- test_switchLineOrder
DEBUG tests/imgtools_tests.c:all_tests:254: 
----- test_var
DEBUG tests/imgtools_tests.c:all_tests:255: 
----- test_padImg
DEBUG tests/imgtools_tests.c:all_tests:256: 
----- test_laplacianTransform
DEBUG tests/imgtools_tests.c:main:262: ----- RUNNING: ./tests/imgtools_tests

DEBUG tests/imgtools_tests.c:all_tests:252: 
----- test_loadBnp_destroyImage
DEBUG tests/imgtools_tests.c:all_tests:253: 
----- test_switchLineOrder
DEBUG tests/imgtools_tests.c:all_tests:254: 
----- test_var
DEBUG tests/imgtools_tests.c:all_tests:255: 
----- test_padImg
DEBUG tests/imgtools_tests.c:all_tests:256: 
----- test_laplacianTransform
DEBUG tests/imgtools_tests.c:main:282: ----- RUNNING: ./tests/imgtools_tests

DEBUG tests/imgtools_tests.c:all_tests:272: 
----- test_loadBnp_destroyImage
DEBUG tests/imgtools_tests.c:all_tests:273: 
----- test_switchLineOrder
DEBUG tests/imgtools_tests.c:all_tests:274: 
----- test_var
DEBUG tests/imgtools_tests.c:all_tests:275: 
----- test_padImg
DEBUG tests/imgtools_tests.c:all_tests:276: 
----- test_laplacianTransform
DEBUG tests/imgtools_tests.c:main:299: ----- RUNNING: ./tests/imgtools_tests

DEBUG tests/imgtools_tests.c:all_tests:289: 
----- test_loadBnp_destroyImage
DEBUG tests/imgtools_tests.c:all_tests:290: 
----- test_switchLineOrder
DEBUG tests/imgtools_tests.c:all_tests:291: 
----- test_var
DEBUG tests/imgtools_tests.c:all_tests:292: 
----- test_padImg
DEBUG tests/imgtools_tests.c:all_tests:293: 
----- test_laplacianTransform
DEBUG tests/imgtools_tests.c:main:300: ----- RUNNING: ./tests/imgtools_tests

DEBUG tests/imgtools_tests.c:all_tests:289: 
----- test_loadBnp_destroyImage
DEBUG tests/imgtools_tests.c:all_tests:290: 
----- test_switchLineOrder
DEBUG tests/imgtools_tests.c:all_tests:291: 
----- test_var
DEBUG tests/imgtools_tests.c:all_tests:292: 
----- test_padImg
DEBUG tests/imgtools_tests.c:all_tests:293: 
----- test_trimImg
[ERROR] (test_trimImg:tests/imgtools_tests.c:146: errno: None) tgt not trimmed
DEBUG tests/imgtools_tests.c:main:307: ----- RUNNING: ./tests/imgtools_tests

DEBUG tests/imgtools_tests.c:all_tests:296: 
----- test_loadBnp_destroyImage
DEBUG tests/imgtools_tests.c:all_tests:297: 
----- test_switchLineOrder
DEBUG tests/imgtools_tests.c:all_tests:298: 
----- test_var
DEBUG tests/imgtools_tests.c:all_tests:299: 
----- test_padImg
DEBUG tests/imgtools_tests.c:all_tests:300: 
----- test_trimImg
[ERROR] (test_trimImg:tests/imgtools_tests.c:153: errno: None) tgt not trimmed
DEBUG tests/imgtools_tests.c:main:307: ----- RUNNING: ./tests/imgtools_tests

DEBUG tests/imgtools_tests.c:all_tests:296: 
----- test_loadBnp_destroyImage
DEBUG tests/imgtools_tests.c:all_tests:297: 
----- test_switchLineOrder
DEBUG tests/imgtools_tests.c:all_tests:298: 
----- test_var
DEBUG tests/imgtools_tests.c:all_tests:299: 
----- test_padImg
DEBUG tests/imgtools_tests.c:all_tests:300: 
----- test_trimImg
[ERROR] (test_trimImg:tests/imgtools_tests.c:153: errno: None) tgt not trimmed
DEBUG tests/imgtools_tests.c:main:307: ----- RUNNING: ./tests/imgtools_tests

DEBUG tests/imgtools_tests.c:all_tests:296: 
----- test_loadBnp_destroyImage
DEBUG tests/imgtools_tests.c:all_tests:297: 
----- test_switchLineOrder
DEBUG tests/imgtools_tests.c:all_tests:298: 
----- test_var
DEBUG tests/imgtools_tests.c:all_tests:299: 
----- test_padImg
DEBUG tests/imgtools_tests.c:all_tests:300: 
----- test_trimImg
[ERROR] (test_trimImg:tests/imgtools_tests.c:153: errno: None) tgt not trimmed
DEBUG tests/imgtools_tests.c:main:307: ----- RUNNING: ./tests/imgtools_tests

DEBUG tests/imgtools_tests.c:all_tests:296: 
----- test_loadBnp_destroyImage
DEBUG tests/imgtools_tests.c:all_tests:297: 
----- test_switchLineOrder
DEBUG tests/imgtools_tests.c:all_tests:298: 
----- test_var
DEBUG tests/imgtools_tests.c:all_tests:299: 
----- test_padImg
DEBUG tests/imgtools_tests.c:all_tests:300: 
----- test_trimImg
[ERROR] (test_trimImg:tests/imgtools_tests.c:153: errno: None) tgt not trimmed
DEBUG tests/imgtools_tests.c:main:307: ----- RUNNING: ./tests/imgtools_tests

DEBUG tests/imgtools_tests.c:all_tests:296: 
----- test_loadBnp_destroyImage
DEBUG tests/imgtools_tests.c:all_tests:297: 
----- test_switchLineOrder
DEBUG tests/imgtools_tests.c:all_tests:298: 
----- test_var
DEBUG tests/imgtools_tests.c:all_tests:299: 
----- test_padImg
DEBUG tests/imgtools_tests.c:all_tests:300: 
----- test_trimImg
[ERROR] (test_trimImg:tests/imgtools_tests.c:153: errno: None) tgt not trimmed
DEBUG tests/imgtools_tests.c:main:307: ----- RUNNING: ./tests/imgtools_tests

DEBUG tests/imgtools_tests.c:all_tests:296: 
----- test_loadBnp_destroyImage
DEBUG tests/imgtools_tests.c:all_tests:297: 
----- test_switchLineOrder
DEBUG tests/imgtools_tests.c:all_tests:298: 
----- test_var
DEBUG tests/imgtools_tests.c:all_tests:299: 
----- test_padImg
DEBUG tests/imgtools_tests.c:all_tests:300: 
----- test_trimImg
DEBUG tests/imgtools_tests.c:all_tests:301: 
----- test_laplacianTransform
DEBUG tests/imgtools_tests.c:main:312: ----- RUNNING: ./tests/imgtools_tests

DEBUG tests/imgtools_tests.c:all_tests:301: 
----- test_loadBnp_destroyImage
DEBUG tests/imgtools_tests.c:all_tests:302: 
----- test_switchLineOrder
DEBUG tests/imgtools_tests.c:all_tests:303: 
----- test_var
DEBUG tests/imgtools_tests.c:all_tests:304: 
----- test_padImg
DEBUG tests/imgtools_tests.c:all_tests:305: 
----- test_trimImg
DEBUG tests/imgtools_tests.c:all_tests:306: 
----- test_laplacianTransform
DEBUG tests/imgtools_tests.c:main:312: ----- RUNNING: ./tests/imgtools_tests

DEBUG tests/imgtools_tests.c:all_tests:301: 
----- test_loadBnp_destroyImage
DEBUG tests/imgtools_tests.c:all_tests:302: 
----- test_switchLineOrder
DEBUG tests/imgtools_tests.c:all_tests:303: 
----- test_var
DEBUG tests/imgtools_tests.c:all_tests:304: 
----- test_padImg
DEBUG tests/imgtools_tests.c:all_tests:305: 
----- test_trimImg
DEBUG tests/imgtools_tests.c:all_tests:306: 
----- test_laplacianTransform
DEBUG tests/imgtools_tests.c:main:312: ----- RUNNING: ./tests/imgtools_tests

DEBUG tests/imgtools_tests.c:all_tests:301: 
----- test_loadBnp_destroyImage
DEBUG tests/imgtools_tests.c:all_tests:302: 
----- test_switchLineOrder
DEBUG tests/imgtools_tests.c:all_tests:303: 
----- test_var
DEBUG tests/imgtools_tests.c:all_tests:304: 
----- test_padImg
DEBUG tests/imgtools_tests.c:all_tests:305: 
----- test_trimImg
DEBUG tests/imgtools_tests.c:all_tests:306: 
----- test_laplacianTransform
DEBUG tests/imgtools_tests.c:main:314: ----- RUNNING: ./tests/imgtools_tests

DEBUG tests/imgtools_tests.c:all_tests:303: 
----- test_loadBnp_destroyImage
DEBUG tests/imgtools_tests.c:all_tests:304: 
----- test_switchLineOrder
DEBUG tests/imgtools_tests.c:all_tests:305: 
----- test_var
DEBUG tests/imgtools_tests.c:all_tests:306: 
----- test_padImg
DEBUG tests/imgtools_tests.c:all_tests:307: 
----- test_trimImg
DEBUG tests/imgtools_tests.c:all_tests:308: 
----- test_laplacianTransform
DEBUG tests/imgtools_tests.c:all_tests:309: 
----- test_calcVol
Segmentation fault
DEBUG tests/imgtools_tests.c:main:314: ----- RUNNING: ./tests/imgtools_tests

DEBUG tests/imgtools_tests.c:all_tests:303: 
----- test_loadBnp_destroyImage
DEBUG tests/imgtools_tests.c:all_tests:304: 
----- test_switchLineOrder
DEBUG tests/imgtools_tests.c:all_tests:305: 
----- test_var
DEBUG tests/imgtools_tests.c:all_tests:306: 
----- test_padImg
DEBUG tests/imgtools_tests.c:all_tests:307: 
----- test_trimImg
DEBUG tests/imgtools_tests.c:all_tests:308: 
----- test_laplacianTransform
DEBUG tests/imgtools_tests.c:all_tests:309: 
----- test_calcVol
Segmentation fault
DEBUG tests/imgtools_tests.c:main:316: ----- RUNNING: ./tests/imgtools_tests

DEBUG tests/imgtools_tests.c:all_tests:305: 
----- test_loadBnp_destroyImage
DEBUG tests/imgtools_tests.c:all_tests:306: 
----- test_switchLineOrder
DEBUG tests/imgtools_tests.c:all_tests:307: 
----- test_var
DEBUG tests/imgtools_tests.c:all_tests:308: 
----- test_padImg
DEBUG tests/imgtools_tests.c:all_tests:309: 
----- test_trimImg
DEBUG tests/imgtools_tests.c:all_tests:310: 
----- test_laplacianTransform
DEBUG tests/imgtools_tests.c:all_tests:311: 
----- test_calcVol
Segmentation fault
DEBUG tests/imgtools_tests.c:main:321: ----- RUNNING: ./tests/imgtools_tests

DEBUG tests/imgtools_tests.c:all_tests:310: 
----- test_loadBnp_destroyImage
DEBUG tests/imgtools_tests.c:all_tests:311: 
----- test_switchLineOrder
DEBUG tests/imgtools_tests.c:all_tests:312: 
----- test_var
DEBUG tests/imgtools_tests.c:all_tests:313: 
----- test_padImg
DEBUG tests/imgtools_tests.c:all_tests:314: 
----- test_trimImg
DEBUG tests/imgtools_tests.c:all_tests:315: 
----- test_laplacianTransform
DEBUG tests/imgtools_tests.c:all_tests:316: 
----- test_calcVol
Segmentation fault
DEBUG tests/imgtools_tests.c:main:321: ----- RUNNING: ./tests/imgtools_tests

DEBUG tests/imgtools_tests.c:all_tests:310: 
----- test_loadBnp_destroyImage
DEBUG tests/imgtools_tests.c:all_tests:311: 
----- test_switchLineOrder
DEBUG tests/imgtools_tests.c:all_tests:312: 
----- test_var
DEBUG tests/imgtools_tests.c:all_tests:313: 
----- test_padImg
DEBUG tests/imgtools_tests.c:all_tests:314: 
----- test_trimImg
DEBUG tests/imgtools_tests.c:all_tests:315: 
----- test_laplacianTransform
DEBUG tests/imgtools_tests.c:all_tests:316: 
----- test_calcVol
[ERROR] (test_calcVol:tests/imgtools_tests.c:300: errno: None) calcVol doesn't produce correct vol of tape1 img 0
DEBUG tests/imgtools_tests.c:main:299: ----- RUNNING: ./tests/imgtools_tests

DEBUG tests/imgtools_tests.c:all_tests:288: 
----- test_loadBnp_destroyImage
DEBUG tests/imgtools_tests.c:all_tests:289: 
----- test_switchLineOrder
DEBUG tests/imgtools_tests.c:all_tests:290: 
----- test_var
[ERROR] (test_var:tests/imgtools_tests.c:219: errno: None) var() didn't produce expected variance
DEBUG tests/imgtools_tests.c:main:300: ----- RUNNING: ./tests/imgtools_tests

DEBUG tests/imgtools_tests.c:all_tests:289: 
----- test_loadBnp_destroyImage
DEBUG tests/imgtools_tests.c:all_tests:290: 
----- test_switchLineOrder
DEBUG tests/imgtools_tests.c:all_tests:291: 
----- test_var
[ERROR] (test_var:tests/imgtools_tests.c:219: errno: None) var() didn't produce expected variance
DEBUG tests/imgtools_tests.c:main:300: ----- RUNNING: ./tests/imgtools_tests

DEBUG tests/imgtools_tests.c:all_tests:289: 
----- test_loadBnp_destroyImage
DEBUG tests/imgtools_tests.c:all_tests:290: 
----- test_switchLineOrder
DEBUG tests/imgtools_tests.c:all_tests:291: 
----- test_var
[ERROR] (test_var:tests/imgtools_tests.c:219: errno: None) var() didn't produce expected variance
DEBUG tests/imgtools_tests.c:main:303: ----- RUNNING: ./tests/imgtools_tests

DEBUG tests/imgtools_tests.c:all_tests:292: 
----- test_loadBnp_destroyImage
DEBUG tests/imgtools_tests.c:all_tests:293: 
----- test_switchLineOrder
DEBUG tests/imgtools_tests.c:all_tests:294: 
----- test_var
DEBUG tests/imgtools_tests.c:all_tests:295: 
----- test_padImg
DEBUG tests/imgtools_tests.c:all_tests:296: 
----- test_trimImg
DEBUG tests/imgtools_tests.c:main:309: ----- RUNNING: ./tests/imgtools_tests

DEBUG tests/imgtools_tests.c:all_tests:298: 
----- test_loadBnp_destroyImage
DEBUG tests/imgtools_tests.c:all_tests:299: 
----- test_switchLineOrder
DEBUG tests/imgtools_tests.c:all_tests:300: 
----- test_var
DEBUG tests/imgtools_tests.c:all_tests:301: 
----- test_padImg
DEBUG tests/imgtools_tests.c:all_tests:302: 
----- test_trimImg
DEBUG tests/imgtools_tests.c:main:312: ----- RUNNING: ./tests/imgtools_tests

DEBUG tests/imgtools_tests.c:all_tests:301: 
----- test_loadBnp_destroyImage
DEBUG tests/imgtools_tests.c:all_tests:302: 
----- test_switchLineOrder
DEBUG tests/imgtools_tests.c:all_tests:303: 
----- test_var
DEBUG tests/imgtools_tests.c:all_tests:304: 
----- test_padImg
DEBUG tests/imgtools_tests.c:all_tests:305: 
----- test_trimImg
DEBUG tests/imgtools_tests.c:main:313: ----- RUNNING: ./tests/imgtools_tests

DEBUG tests/imgtools_tests.c:all_tests:302: 
----- test_loadBnp_destroyImage
DEBUG tests/imgtools_tests.c:all_tests:303: 
----- test_switchLineOrder
DEBUG tests/imgtools_tests.c:all_tests:304: 
----- test_var
DEBUG tests/imgtools_tests.c:all_tests:305: 
----- test_padImg
DEBUG tests/imgtools_tests.c:all_tests:306: 
----- test_trimImg
DEBUG tests/imgtools_tests.c:all_tests:307: 
----- test_laplacianTransform
[ERROR] (test_laplacianTransform:tests/imgtools_tests.c:190: errno: None) performing laplacianTransform on src doesn't produce expected values
DEBUG tests/imgtools_tests.c:main:318: ----- RUNNING: ./tests/imgtools_tests

DEBUG tests/imgtools_tests.c:all_tests:307: 
----- test_loadBnp_destroyImage
DEBUG tests/imgtools_tests.c:all_tests:308: 
----- test_switchLineOrder
DEBUG tests/imgtools_tests.c:all_tests:309: 
----- test_var
DEBUG tests/imgtools_tests.c:all_tests:310: 
----- test_padImg
DEBUG tests/imgtools_tests.c:all_tests:311: 
----- test_trimImg
DEBUG tests/imgtools_tests.c:all_tests:312: 
----- test_laplacianTransform
malloc(): corrupted top size
Aborted
DEBUG tests/imgtools_tests.c:main:320: ----- RUNNING: ./tests/imgtools_tests

DEBUG tests/imgtools_tests.c:all_tests:309: 
----- test_loadBnp_destroyImage
DEBUG tests/imgtools_tests.c:all_tests:310: 
----- test_switchLineOrder
DEBUG tests/imgtools_tests.c:all_tests:311: 
----- test_var
DEBUG tests/imgtools_tests.c:all_tests:312: 
----- test_padImg
DEBUG tests/imgtools_tests.c:all_tests:313: 
----- test_trimImg
DEBUG tests/imgtools_tests.c:all_tests:314: 
----- test_laplacianTransform
malloc(): corrupted top size
Aborted
DEBUG tests/imgtools_tests.c:main:322: ----- RUNNING: ./tests/imgtools_tests

DEBUG tests/imgtools_tests.c:all_tests:311: 
----- test_loadBnp_destroyImage
DEBUG tests/imgtools_tests.c:all_tests:312: 
----- test_switchLineOrder
DEBUG tests/imgtools_tests.c:all_tests:313: 
----- test_var
DEBUG tests/imgtools_tests.c:all_tests:314: 
----- test_padImg
DEBUG tests/imgtools_tests.c:all_tests:315: 
----- test_trimImg
DEBUG tests/imgtools_tests.c:all_tests:316: 
----- test_laplacianTransform
malloc(): corrupted top size
Aborted
DEBUG tests/imgtools_tests.c:main:324: ----- RUNNING: ./tests/imgtools_tests

DEBUG tests/imgtools_tests.c:all_tests:313: 
----- test_loadBnp_destroyImage
DEBUG tests/imgtools_tests.c:all_tests:314: 
----- test_switchLineOrder
DEBUG tests/imgtools_tests.c:all_tests:315: 
----- test_var
DEBUG tests/imgtools_tests.c:all_tests:316: 
----- test_padImg
DEBUG tests/imgtools_tests.c:all_tests:317: 
----- test_trimImg
DEBUG tests/imgtools_tests.c:all_tests:318: 
----- test_laplacianTransform
malloc(): corrupted top size
Aborted
DEBUG tests/imgtools_tests.c:main:324: ----- RUNNING: ./tests/imgtools_tests

DEBUG tests/imgtools_tests.c:all_tests:313: 
----- test_loadBnp_destroyImage
DEBUG tests/imgtools_tests.c:all_tests:314: 
----- test_switchLineOrder
DEBUG tests/imgtools_tests.c:all_tests:315: 
----- test_var
DEBUG tests/imgtools_tests.c:all_tests:316: 
----- test_padImg
DEBUG tests/imgtools_tests.c:all_tests:317: 
----- test_trimImg
DEBUG tests/imgtools_tests.c:all_tests:318: 
----- test_laplacianTransform
imgtools_tests: malloc.c:2617: sysmalloc: Assertion `(old_top == initial_top (av) && old_size == 0) || ((unsigned long) (old_size) >= MINSIZE && prev_inuse (old_top) && ((unsigned long) old_end & (pagesize - 1)) == 0)' failed.
Aborted
DEBUG tests/imgtools_tests.c:main:324: ----- RUNNING: ./tests/imgtools_tests

DEBUG tests/imgtools_tests.c:all_tests:313: 
----- test_loadBnp_destroyImage
DEBUG tests/imgtools_tests.c:all_tests:314: 
----- test_switchLineOrder
DEBUG tests/imgtools_tests.c:all_tests:315: 
----- test_var
DEBUG tests/imgtools_tests.c:all_tests:316: 
----- test_padImg
DEBUG tests/imgtools_tests.c:all_tests:317: 
----- test_trimImg
DEBUG tests/imgtools_tests.c:all_tests:318: 
----- test_laplacianTransform
imgtools_tests: malloc.c:2617: sysmalloc: Assertion `(old_top == initial_top (av) && old_size == 0) || ((unsigned long) (old_size) >= MINSIZE && prev_inuse (old_top) && ((unsigned long) old_end & (pagesize - 1)) == 0)' failed.
Aborted
DEBUG tests/imgtools_tests.c:main:324: ----- RUNNING: ./tests/imgtools_tests

DEBUG tests/imgtools_tests.c:all_tests:313: 
----- test_loadBnp_destroyImage
DEBUG tests/imgtools_tests.c:all_tests:314: 
----- test_switchLineOrder
DEBUG tests/imgtools_tests.c:all_tests:315: 
----- test_var
DEBUG tests/imgtools_tests.c:all_tests:316: 
----- test_padImg
DEBUG tests/imgtools_tests.c:all_tests:317: 
----- test_trimImg
Segmentation fault
DEBUG tests/imgtools_tests.c:main:304: ----- RUNNING: ./tests/imgtools_tests

DEBUG tests/imgtools_tests.c:all_tests:293: 
----- test_loadBnp_destroyImage
DEBUG tests/imgtools_tests.c:all_tests:294: 
----- test_switchLineOrder
DEBUG tests/imgtools_tests.c:all_tests:295: 
----- test_var
DEBUG tests/imgtools_tests.c:all_tests:296: 
----- test_padImg
[ERROR] (test_padImg:tests/imgtools_tests.c:109: errno: None) padImg failed to produce expected target!
DEBUG tests/imgtools_tests.c:main:294: ----- RUNNING: ./tests/imgtools_tests

DEBUG tests/imgtools_tests.c:all_tests:283: 
----- test_loadBnp_destroyImage
DEBUG tests/imgtools_tests.c:all_tests:284: 
----- test_switchLineOrder
DEBUG tests/imgtools_tests.c:all_tests:285: 
----- test_var
DEBUG tests/imgtools_tests.c:all_tests:286: 
----- test_padImg
DEBUG tests/imgtools_tests.c:all_tests:287: 
----- test_trimImg
DEBUG tests/imgtools_tests.c:all_tests:288: 
----- test_laplacianTransform
imgtools_tests: malloc.c:2617: sysmalloc: Assertion `(old_top == initial_top (av) && old_size == 0) || ((unsigned long) (old_size) >= MINSIZE && prev_inuse (old_top) && ((unsigned long) old_end & (pagesize - 1)) == 0)' failed.
Aborted
DEBUG tests/imgtools_tests.c:main:294: ----- RUNNING: ./tests/imgtools_tests

DEBUG tests/imgtools_tests.c:all_tests:283: 
----- test_loadBnp_destroyImage
DEBUG tests/imgtools_tests.c:all_tests:284: 
----- test_switchLineOrder
DEBUG tests/imgtools_tests.c:all_tests:285: 
----- test_var
DEBUG tests/imgtools_tests.c:all_tests:286: 
----- test_padImg
DEBUG tests/imgtools_tests.c:all_tests:287: 
----- test_trimImg
DEBUG tests/imgtools_tests.c:all_tests:288: 
----- test_laplacianTransform
imgtools_tests: malloc.c:2617: sysmalloc: Assertion `(old_top == initial_top (av) && old_size == 0) || ((unsigned long) (old_size) >= MINSIZE && prev_inuse (old_top) && ((unsigned long) old_end & (pagesize - 1)) == 0)' failed.
Aborted
DEBUG tests/imgtools_tests.c:main:294: ----- RUNNING: ./tests/imgtools_tests

DEBUG tests/imgtools_tests.c:all_tests:283: 
----- test_loadBnp_destroyImage
DEBUG tests/imgtools_tests.c:all_tests:284: 
----- test_switchLineOrder
DEBUG tests/imgtools_tests.c:all_tests:285: 
----- test_var
DEBUG tests/imgtools_tests.c:all_tests:286: 
----- test_padImg
DEBUG tests/imgtools_tests.c:all_tests:287: 
----- test_trimImg
DEBUG tests/imgtools_tests.c:all_tests:288: 
----- test_laplacianTransform
imgtools_tests: malloc.c:2617: sysmalloc: Assertion `(old_top == initial_top (av) && old_size == 0) || ((unsigned long) (old_size) >= MINSIZE && prev_inuse (old_top) && ((unsigned long) old_end & (pagesize - 1)) == 0)' failed.
Aborted
DEBUG tests/imgtools_tests.c:main:294: ----- RUNNING: ./tests/imgtools_tests

DEBUG tests/imgtools_tests.c:all_tests:283: 
----- test_loadBnp_destroyImage
DEBUG tests/imgtools_tests.c:all_tests:284: 
----- test_switchLineOrder
DEBUG tests/imgtools_tests.c:all_tests:285: 
----- test_var
DEBUG tests/imgtools_tests.c:all_tests:286: 
----- test_padImg
DEBUG tests/imgtools_tests.c:all_tests:287: 
----- test_trimImg
DEBUG tests/imgtools_tests.c:all_tests:288: 
----- test_laplacianTransform
imgtools_tests: malloc.c:2617: sysmalloc: Assertion `(old_top == initial_top (av) && old_size == 0) || ((unsigned long) (old_size) >= MINSIZE && prev_inuse (old_top) && ((unsigned long) old_end & (pagesize - 1)) == 0)' failed.
Aborted
DEBUG tests/imgtools_tests.c:main:294: ----- RUNNING: ./tests/imgtools_tests

DEBUG tests/imgtools_tests.c:all_tests:283: 
----- test_loadBnp_destroyImage
DEBUG tests/imgtools_tests.c:all_tests:284: 
----- test_switchLineOrder
DEBUG tests/imgtools_tests.c:all_tests:285: 
----- test_var
DEBUG tests/imgtools_tests.c:all_tests:286: 
----- test_padImg
DEBUG tests/imgtools_tests.c:all_tests:287: 
----- test_trimImg
DEBUG tests/imgtools_tests.c:all_tests:288: 
----- test_laplacianTransform
imgtools_tests: malloc.c:2617: sysmalloc: Assertion `(old_top == initial_top (av) && old_size == 0) || ((unsigned long) (old_size) >= MINSIZE && prev_inuse (old_top) && ((unsigned long) old_end & (pagesize - 1)) == 0)' failed.
Aborted
DEBUG tests/imgtools_tests.c:main:294: ----- RUNNING: ./tests/imgtools_tests

DEBUG tests/imgtools_tests.c:all_tests:283: 
----- test_loadBnp_destroyImage
DEBUG tests/imgtools_tests.c:all_tests:284: 
----- test_switchLineOrder
DEBUG tests/imgtools_tests.c:all_tests:285: 
----- test_var
DEBUG tests/imgtools_tests.c:all_tests:286: 
----- test_padImg
DEBUG tests/imgtools_tests.c:all_tests:287: 
----- test_trimImg
DEBUG tests/imgtools_tests.c:all_tests:288: 
----- test_laplacianTransform
imgtools_tests: malloc.c:2617: sysmalloc: Assertion `(old_top == initial_top (av) && old_size == 0) || ((unsigned long) (old_size) >= MINSIZE && prev_inuse (old_top) && ((unsigned long) old_end & (pagesize - 1)) == 0)' failed.
Aborted
DEBUG tests/imgtools_tests.c:main:294: ----- RUNNING: ./tests/imgtools_tests

DEBUG tests/imgtools_tests.c:all_tests:283: 
----- test_loadBnp_destroyImage
DEBUG tests/imgtools_tests.c:all_tests:284: 
----- test_switchLineOrder
DEBUG tests/imgtools_tests.c:all_tests:285: 
----- test_var
DEBUG tests/imgtools_tests.c:all_tests:286: 
----- test_padImg
DEBUG tests/imgtools_tests.c:all_tests:287: 
----- test_trimImg
DEBUG tests/imgtools_tests.c:all_tests:288: 
----- test_laplacianTransform
imgtools_tests: malloc.c:2617: sysmalloc: Assertion `(old_top == initial_top (av) && old_size == 0) || ((unsigned long) (old_size) >= MINSIZE && prev_inuse (old_top) && ((unsigned long) old_end & (pagesize - 1)) == 0)' failed.
Aborted
DEBUG tests/imgtools_tests.c:main:294: ----- RUNNING: ./tests/imgtools_tests

DEBUG tests/imgtools_tests.c:all_tests:283: 
----- test_loadBnp_destroyImage
DEBUG tests/imgtools_tests.c:all_tests:284: 
----- test_switchLineOrder
DEBUG tests/imgtools_tests.c:all_tests:285: 
----- test_var
DEBUG tests/imgtools_tests.c:all_tests:286: 
----- test_padImg
DEBUG tests/imgtools_tests.c:all_tests:287: 
----- test_trimImg
DEBUG tests/imgtools_tests.c:all_tests:288: 
----- test_laplacianTransform
imgtools_tests: malloc.c:2617: sysmalloc: Assertion `(old_top == initial_top (av) && old_size == 0) || ((unsigned long) (old_size) >= MINSIZE && prev_inuse (old_top) && ((unsigned long) old_end & (pagesize - 1)) == 0)' failed.
Aborted
DEBUG tests/imgtools_tests.c:main:294: ----- RUNNING: ./tests/imgtools_tests

DEBUG tests/imgtools_tests.c:all_tests:283: 
----- test_loadBnp_destroyImage
DEBUG tests/imgtools_tests.c:all_tests:284: 
----- test_switchLineOrder
DEBUG tests/imgtools_tests.c:all_tests:285: 
----- test_var
DEBUG tests/imgtools_tests.c:all_tests:286: 
----- test_padImg
DEBUG tests/imgtools_tests.c:all_tests:287: 
----- test_trimImg
DEBUG tests/imgtools_tests.c:all_tests:288: 
----- test_laplacianTransform
imgtools_tests: malloc.c:2617: sysmalloc: Assertion `(old_top == initial_top (av) && old_size == 0) || ((unsigned long) (old_size) >= MINSIZE && prev_inuse (old_top) && ((unsigned long) old_end & (pagesize - 1)) == 0)' failed.
Aborted
DEBUG tests/imgtools_tests.c:main:294: ----- RUNNING: ./tests/imgtools_tests

DEBUG tests/imgtools_tests.c:all_tests:283: 
----- test_loadBnp_destroyImage
DEBUG tests/imgtools_tests.c:all_tests:284: 
----- test_switchLineOrder
DEBUG tests/imgtools_tests.c:all_tests:285: 
----- test_var
DEBUG tests/imgtools_tests.c:all_tests:286: 
----- test_padImg
DEBUG tests/imgtools_tests.c:all_tests:287: 
----- test_trimImg
DEBUG tests/imgtools_tests.c:all_tests:288: 
----- test_laplacianTransform
imgtools_tests: malloc.c:2617: sysmalloc: Assertion `(old_top == initial_top (av) && old_size == 0) || ((unsigned long) (old_size) >= MINSIZE && prev_inuse (old_top) && ((unsigned long) old_end & (pagesize - 1)) == 0)' failed.
Aborted
DEBUG tests/imgtools_tests.c:main:294: ----- RUNNING: ./tests/imgtools_tests

DEBUG tests/imgtools_tests.c:all_tests:283: 
----- test_loadBnp_destroyImage
DEBUG tests/imgtools_tests.c:all_tests:284: 
----- test_switchLineOrder
DEBUG tests/imgtools_tests.c:all_tests:285: 
----- test_var
DEBUG tests/imgtools_tests.c:all_tests:286: 
----- test_padImg
DEBUG tests/imgtools_tests.c:all_tests:287: 
----- test_trimImg
DEBUG tests/imgtools_tests.c:all_tests:288: 
----- test_laplacianTransform
imgtools_tests: malloc.c:2617: sysmalloc: Assertion `(old_top == initial_top (av) && old_size == 0) || ((unsigned long) (old_size) >= MINSIZE && prev_inuse (old_top) && ((unsigned long) old_end & (pagesize - 1)) == 0)' failed.
Aborted
DEBUG tests/imgtools_tests.c:main:294: ----- RUNNING: ./tests/imgtools_tests

DEBUG tests/imgtools_tests.c:all_tests:283: 
----- test_loadBnp_destroyImage
DEBUG tests/imgtools_tests.c:all_tests:284: 
----- test_switchLineOrder
DEBUG tests/imgtools_tests.c:all_tests:285: 
----- test_var
DEBUG tests/imgtools_tests.c:all_tests:286: 
----- test_padImg
DEBUG tests/imgtools_tests.c:all_tests:287: 
----- test_trimImg
DEBUG tests/imgtools_tests.c:all_tests:288: 
----- test_laplacianTransform
imgtools_tests: malloc.c:2617: sysmalloc: Assertion `(old_top == initial_top (av) && old_size == 0) || ((unsigned long) (old_size) >= MINSIZE && prev_inuse (old_top) && ((unsigned long) old_end & (pagesize - 1)) == 0)' failed.
Aborted
DEBUG tests/imgtools_tests.c:main:294: ----- RUNNING: ./tests/imgtools_tests

DEBUG tests/imgtools_tests.c:all_tests:283: 
----- test_loadBnp_destroyImage
DEBUG tests/imgtools_tests.c:all_tests:284: 
----- test_switchLineOrder
DEBUG tests/imgtools_tests.c:all_tests:285: 
----- test_var
DEBUG tests/imgtools_tests.c:all_tests:286: 
----- test_padImg
DEBUG tests/imgtools_tests.c:all_tests:287: 
----- test_trimImg
DEBUG tests/imgtools_tests.c:all_tests:288: 
----- test_laplacianTransform
imgtools_tests: malloc.c:2617: sysmalloc: Assertion `(old_top == initial_top (av) && old_size == 0) || ((unsigned long) (old_size) >= MINSIZE && prev_inuse (old_top) && ((unsigned long) old_end & (pagesize - 1)) == 0)' failed.
Aborted
DEBUG tests/imgtools_tests.c:main:294: ----- RUNNING: ./tests/imgtools_tests

DEBUG tests/imgtools_tests.c:all_tests:283: 
----- test_loadBnp_destroyImage
DEBUG tests/imgtools_tests.c:all_tests:284: 
----- test_switchLineOrder
DEBUG tests/imgtools_tests.c:all_tests:285: 
----- test_var
DEBUG tests/imgtools_tests.c:all_tests:286: 
----- test_padImg
DEBUG tests/imgtools_tests.c:all_tests:287: 
----- test_trimImg
DEBUG tests/imgtools_tests.c:all_tests:288: 
----- test_laplacianTransform
imgtools_tests: malloc.c:2617: sysmalloc: Assertion `(old_top == initial_top (av) && old_size == 0) || ((unsigned long) (old_size) >= MINSIZE && prev_inuse (old_top) && ((unsigned long) old_end & (pagesize - 1)) == 0)' failed.
Aborted
DEBUG tests/imgtools_tests.c:main:294: ----- RUNNING: ./tests/imgtools_tests

DEBUG tests/imgtools_tests.c:all_tests:283: 
----- test_loadBnp_destroyImage
DEBUG tests/imgtools_tests.c:all_tests:284: 
----- test_switchLineOrder
DEBUG tests/imgtools_tests.c:all_tests:285: 
----- test_var
DEBUG tests/imgtools_tests.c:all_tests:286: 
----- test_padImg
DEBUG tests/imgtools_tests.c:all_tests:287: 
----- test_trimImg
DEBUG tests/imgtools_tests.c:all_tests:288: 
----- test_laplacianTransform
imgtools_tests: malloc.c:2617: sysmalloc: Assertion `(old_top == initial_top (av) && old_size == 0) || ((unsigned long) (old_size) >= MINSIZE && prev_inuse (old_top) && ((unsigned long) old_end & (pagesize - 1)) == 0)' failed.
Aborted
DEBUG tests/imgtools_tests.c:main:294: ----- RUNNING: ./tests/imgtools_tests

DEBUG tests/imgtools_tests.c:all_tests:283: 
----- test_loadBnp_destroyImage
DEBUG tests/imgtools_tests.c:all_tests:284: 
----- test_switchLineOrder
DEBUG tests/imgtools_tests.c:all_tests:285: 
----- test_var
DEBUG tests/imgtools_tests.c:all_tests:286: 
----- test_padImg
DEBUG tests/imgtools_tests.c:all_tests:287: 
----- test_trimImg
DEBUG tests/imgtools_tests.c:all_tests:288: 
----- test_laplacianTransform
[ERROR] (test_laplacianTransform:tests/imgtools_tests.c:189: errno: None) performing laplacianTransform on src doesn't produce expected values
DEBUG tests/imgtools_tests.c:main:294: ----- RUNNING: ./tests/imgtools_tests

DEBUG tests/imgtools_tests.c:all_tests:283: 
----- test_loadBnp_destroyImage
DEBUG tests/imgtools_tests.c:all_tests:284: 
----- test_switchLineOrder
DEBUG tests/imgtools_tests.c:all_tests:285: 
----- test_var
DEBUG tests/imgtools_tests.c:all_tests:286: 
----- test_padImg
DEBUG tests/imgtools_tests.c:all_tests:287: 
----- test_trimImg
DEBUG tests/imgtools_tests.c:all_tests:288: 
----- test_laplacianTransform
[ERROR] (test_laplacianTransform:tests/imgtools_tests.c:189: errno: None) performing laplacianTransform on src doesn't produce expected values
DEBUG tests/imgtools_tests.c:main:300: ----- RUNNING: ./tests/imgtools_tests

DEBUG tests/imgtools_tests.c:all_tests:289: 
----- test_loadBnp_destroyImage
DEBUG tests/imgtools_tests.c:all_tests:290: 
----- test_switchLineOrder
DEBUG tests/imgtools_tests.c:all_tests:291: 
----- test_var
DEBUG tests/imgtools_tests.c:all_tests:292: 
----- test_padImg
DEBUG tests/imgtools_tests.c:all_tests:293: 
----- test_trimImg
DEBUG tests/imgtools_tests.c:all_tests:294: 
----- test_laplacianTransform
Segmentation fault
DEBUG tests/imgtools_tests.c:main:300: ----- RUNNING: ./tests/imgtools_tests

DEBUG tests/imgtools_tests.c:all_tests:289: 
----- test_loadBnp_destroyImage
DEBUG tests/imgtools_tests.c:all_tests:290: 
----- test_switchLineOrder
DEBUG tests/imgtools_tests.c:all_tests:291: 
----- test_var
DEBUG tests/imgtools_tests.c:all_tests:292: 
----- test_padImg
DEBUG tests/imgtools_tests.c:all_tests:293: 
----- test_trimImg
DEBUG tests/imgtools_tests.c:all_tests:294: 
----- test_laplacianTransform
Segmentation fault
DEBUG tests/imgtools_tests.c:main:300: ----- RUNNING: ./tests/imgtools_tests

DEBUG tests/imgtools_tests.c:all_tests:289: 
----- test_loadBnp_destroyImage
DEBUG tests/imgtools_tests.c:all_tests:290: 
----- test_switchLineOrder
DEBUG tests/imgtools_tests.c:all_tests:291: 
----- test_var
DEBUG tests/imgtools_tests.c:all_tests:292: 
----- test_padImg
DEBUG tests/imgtools_tests.c:all_tests:293: 
----- test_trimImg
DEBUG tests/imgtools_tests.c:all_tests:294: 
----- test_laplacianTransform
Segmentation fault
DEBUG tests/imgtools_tests.c:main:301: ----- RUNNING: ./tests/imgtools_tests

DEBUG tests/imgtools_tests.c:all_tests:290: 
----- test_loadBnp_destroyImage
DEBUG tests/imgtools_tests.c:all_tests:291: 
----- test_switchLineOrder
DEBUG tests/imgtools_tests.c:all_tests:292: 
----- test_var
DEBUG tests/imgtools_tests.c:all_tests:293: 
----- test_padImg
DEBUG tests/imgtools_tests.c:all_tests:294: 
----- test_trimImg
DEBUG tests/imgtools_tests.c:all_tests:295: 
----- test_laplacianTransform
Segmentation fault
DEBUG tests/imgtools_tests.c:main:302: ----- RUNNING: ./tests/imgtools_tests

DEBUG tests/imgtools_tests.c:all_tests:291: 
----- test_loadBnp_destroyImage
DEBUG tests/imgtools_tests.c:all_tests:292: 
----- test_switchLineOrder
DEBUG tests/imgtools_tests.c:all_tests:293: 
----- test_var
DEBUG tests/imgtools_tests.c:all_tests:294: 
----- test_padImg
DEBUG tests/imgtools_tests.c:all_tests:295: 
----- test_trimImg
DEBUG tests/imgtools_tests.c:all_tests:296: 
----- test_laplacianTransform
Segmentation fault
DEBUG tests/imgtools_tests.c:main:302: ----- RUNNING: ./tests/imgtools_tests

DEBUG tests/imgtools_tests.c:all_tests:291: 
----- test_loadBnp_destroyImage
DEBUG tests/imgtools_tests.c:all_tests:292: 
----- test_switchLineOrder
DEBUG tests/imgtools_tests.c:all_tests:293: 
----- test_var
DEBUG tests/imgtools_tests.c:all_tests:294: 
----- test_padImg
DEBUG tests/imgtools_tests.c:all_tests:295: 
----- test_trimImg
DEBUG tests/imgtools_tests.c:all_tests:296: 
----- test_laplacianTransform
[ERROR] (test_laplacianTransform:tests/imgtools_tests.c:197: errno: None) performing laplacianTransform on src doesn't produce expected values
DEBUG tests/imgtools_tests.c:main:302: ----- RUNNING: ./tests/imgtools_tests

DEBUG tests/imgtools_tests.c:all_tests:291: 
----- test_loadBnp_destroyImage
DEBUG tests/imgtools_tests.c:all_tests:292: 
----- test_switchLineOrder
DEBUG tests/imgtools_tests.c:all_tests:293: 
----- test_var
DEBUG tests/imgtools_tests.c:all_tests:294: 
----- test_padImg
DEBUG tests/imgtools_tests.c:all_tests:295: 
----- test_trimImg
DEBUG tests/imgtools_tests.c:all_tests:296: 
----- test_laplacianTransform
[ERROR] (test_laplacianTransform:tests/imgtools_tests.c:197: errno: None) performing laplacianTransform on src doesn't produce expected values
DEBUG tests/imgtools_tests.c:main:318: ----- RUNNING: ./tests/imgtools_tests

DEBUG tests/imgtools_tests.c:all_tests:307: 
----- test_loadBnp_destroyImage
DEBUG tests/imgtools_tests.c:all_tests:308: 
----- test_switchLineOrder
DEBUG tests/imgtools_tests.c:all_tests:309: 
----- test_var
DEBUG tests/imgtools_tests.c:all_tests:310: 
----- test_padImg
DEBUG tests/imgtools_tests.c:all_tests:311: 
----- test_trimImg
DEBUG tests/imgtools_tests.c:all_tests:312: 
----- test_laplacianTransform
[ERROR] (test_laplacianTransform:tests/imgtools_tests.c:213: errno: None) performing laplacianTransform on src doesn't produce expected values
DEBUG tests/imgtools_tests.c:main:318: ----- RUNNING: ./tests/imgtools_tests

DEBUG tests/imgtools_tests.c:all_tests:307: 
----- test_loadBnp_destroyImage
DEBUG tests/imgtools_tests.c:all_tests:308: 
----- test_switchLineOrder
DEBUG tests/imgtools_tests.c:all_tests:309: 
----- test_var
DEBUG tests/imgtools_tests.c:all_tests:310: 
----- test_padImg
DEBUG tests/imgtools_tests.c:all_tests:311: 
----- test_trimImg
DEBUG tests/imgtools_tests.c:all_tests:312: 
----- test_laplacianTransform
[ERROR] (test_laplacianTransform:tests/imgtools_tests.c:213: errno: None) performing laplacianTransform on src doesn't produce expected values
DEBUG tests/imgtools_tests.c:main:326: ----- RUNNING: ./tests/imgtools_tests

DEBUG tests/imgtools_tests.c:all_tests:315: 
----- test_loadBnp_destroyImage
DEBUG tests/imgtools_tests.c:all_tests:316: 
----- test_switchLineOrder
DEBUG tests/imgtools_tests.c:all_tests:317: 
----- test_var
DEBUG tests/imgtools_tests.c:all_tests:318: 
----- test_padImg
DEBUG tests/imgtools_tests.c:all_tests:319: 
----- test_trimImg
DEBUG tests/imgtools_tests.c:all_tests:320: 
----- test_laplacianTransform
[ERROR] (test_laplacianTransform:tests/imgtools_tests.c:221: errno: None) performing laplacianTransform on src doesn't produce expected values
DEBUG tests/imgtools_tests.c:main:326: ----- RUNNING: ./tests/imgtools_tests

DEBUG tests/imgtools_tests.c:all_tests:315: 
----- test_loadBnp_destroyImage
DEBUG tests/imgtools_tests.c:all_tests:316: 
----- test_switchLineOrder
DEBUG tests/imgtools_tests.c:all_tests:317: 
----- test_var
DEBUG tests/imgtools_tests.c:all_tests:318: 
----- test_padImg
DEBUG tests/imgtools_tests.c:all_tests:319: 
----- test_trimImg
DEBUG tests/imgtools_tests.c:all_tests:320: 
----- test_laplacianTransform
[ERROR] (test_laplacianTransform:tests/imgtools_tests.c:221: errno: None) performing laplacianTransform on src doesn't produce expected values
DEBUG tests/imgtools_tests.c:main:326: ----- RUNNING: ./tests/imgtools_tests

DEBUG tests/imgtools_tests.c:all_tests:315: 
----- test_loadBnp_destroyImage
DEBUG tests/imgtools_tests.c:all_tests:316: 
----- test_switchLineOrder
DEBUG tests/imgtools_tests.c:all_tests:317: 
----- test_var
DEBUG tests/imgtools_tests.c:all_tests:318: 
----- test_padImg
DEBUG tests/imgtools_tests.c:all_tests:319: 
----- test_trimImg
DEBUG tests/imgtools_tests.c:all_tests:320: 
----- test_laplacianTransform
[ERROR] (test_laplacianTransform:tests/imgtools_tests.c:221: errno: None) performing laplacianTransform on src doesn't produce expected values
DEBUG tests/imgtools_tests.c:main:327: ----- RUNNING: ./tests/imgtools_tests

DEBUG tests/imgtools_tests.c:all_tests:316: 
----- test_loadBnp_destroyImage
DEBUG tests/imgtools_tests.c:all_tests:317: 
----- test_switchLineOrder
DEBUG tests/imgtools_tests.c:all_tests:318: 
----- test_var
DEBUG tests/imgtools_tests.c:all_tests:319: 
----- test_padImg
DEBUG tests/imgtools_tests.c:all_tests:320: 
----- test_trimImg
DEBUG tests/imgtools_tests.c:all_tests:321: 
----- test_laplacianTransform
[ERROR] (test_laplacianTransform:tests/imgtools_tests.c:222: errno: None) performing laplacianTransform on src doesn't produce expected values
DEBUG tests/imgtools_tests.c:main:327: ----- RUNNING: ./tests/imgtools_tests

DEBUG tests/imgtools_tests.c:all_tests:316: 
----- test_loadBnp_destroyImage
DEBUG tests/imgtools_tests.c:all_tests:317: 
----- test_switchLineOrder
DEBUG tests/imgtools_tests.c:all_tests:318: 
----- test_var
DEBUG tests/imgtools_tests.c:all_tests:319: 
----- test_padImg
DEBUG tests/imgtools_tests.c:all_tests:320: 
----- test_trimImg
DEBUG tests/imgtools_tests.c:all_tests:321: 
----- test_laplacianTransform
DEBUG tests/imgtools_tests.c:main:330: ----- RUNNING: ./tests/imgtools_tests

DEBUG tests/imgtools_tests.c:all_tests:319: 
----- test_loadBnp_destroyImage
DEBUG tests/imgtools_tests.c:all_tests:320: 
----- test_switchLineOrder
DEBUG tests/imgtools_tests.c:all_tests:321: 
----- test_var
DEBUG tests/imgtools_tests.c:all_tests:322: 
----- test_padImg
DEBUG tests/imgtools_tests.c:all_tests:323: 
----- test_trimImg
DEBUG tests/imgtools_tests.c:all_tests:324: 
----- test_laplacianTransform
DEBUG tests/imgtools_tests.c:main:329: ----- RUNNING: ./tests/imgtools_tests

DEBUG tests/imgtools_tests.c:all_tests:319: 
----- test_loadBnp_destroyImage
DEBUG tests/imgtools_tests.c:all_tests:320: 
----- test_switchLineOrder
DEBUG tests/imgtools_tests.c:all_tests:321: 
----- test_var
DEBUG tests/imgtools_tests.c:all_tests:322: 
----- test_padImg
DEBUG tests/imgtools_tests.c:all_tests:323: 
----- test_trimImg
DEBUG tests/imgtools_tests.c:all_tests:324: 
----- test_laplacianTransform
DEBUG tests/imgtools_tests.c:main:329: ----- RUNNING: ./tests/imgtools_tests

DEBUG tests/imgtools_tests.c:all_tests:319: 
----- test_loadBnp_destroyImage
DEBUG tests/imgtools_tests.c:all_tests:320: 
----- test_switchLineOrder
DEBUG tests/imgtools_tests.c:all_tests:321: 
----- test_var
DEBUG tests/imgtools_tests.c:all_tests:322: 
----- test_padImg
DEBUG tests/imgtools_tests.c:all_tests:323: 
----- test_trimImg
DEBUG tests/imgtools_tests.c:all_tests:324: 
----- test_laplacianTransform
DEBUG tests/imgtools_tests.c:main:329: ----- RUNNING: ./tests/imgtools_tests

DEBUG tests/imgtools_tests.c:all_tests:319: 
----- test_loadBnp_destroyImage
DEBUG tests/imgtools_tests.c:all_tests:320: 
----- test_switchLineOrder
DEBUG tests/imgtools_tests.c:all_tests:321: 
----- test_var
DEBUG tests/imgtools_tests.c:all_tests:322: 
----- test_padImg
DEBUG tests/imgtools_tests.c:all_tests:323: 
----- test_trimImg
DEBUG tests/imgtools_tests.c:all_tests:324: 
----- test_laplacianTransform
DEBUG tests/imgtools_tests.c:main:329: ----- RUNNING: ./tests/imgtools_tests

DEBUG tests/imgtools_tests.c:all_tests:319: 
----- test_loadBnp_destroyImage
DEBUG tests/imgtools_tests.c:all_tests:320: 
----- test_switchLineOrder
DEBUG tests/imgtools_tests.c:all_tests:321: 
----- test_var
DEBUG tests/imgtools_tests.c:all_tests:322: 
----- test_padImg
DEBUG tests/imgtools_tests.c:all_tests:323: 
----- test_trimImg
DEBUG tests/imgtools_tests.c:all_tests:324: 
----- test_laplacianTransform
DEBUG tests/dynamic_focus_tests.c:main:19: ----- RUNNING: ./tests/dynamic_focus_tests

DEBUG tests/dynamic_focus_tests.c:all_tests:14: 
----- testGenDynFocFromTapeDir
[ERROR] (loadBnp:src/imgtools.c:58: errno: No such file or directory) error opening file
[ERROR] (genDynFocFromTapeDir:src/dynamic_focus.c:37: errno: None) failed to load img
DEBUG tests/imgtools_tests.c:main:329: ----- RUNNING: ./tests/imgtools_tests

DEBUG tests/imgtools_tests.c:all_tests:319: 
----- test_loadBnp_destroyImage
DEBUG tests/imgtools_tests.c:all_tests:320: 
----- test_switchLineOrder
DEBUG tests/imgtools_tests.c:all_tests:321: 
----- test_var
DEBUG tests/imgtools_tests.c:all_tests:322: 
----- test_padImg
DEBUG tests/imgtools_tests.c:all_tests:323: 
----- test_trimImg
DEBUG tests/imgtools_tests.c:all_tests:324: 
----- test_laplacianTransform
DEBUG tests/dynamic_focus_tests.c:main:20: ----- RUNNING: ./tests/dynamic_focus_tests

DEBUG tests/dynamic_focus_tests.c:all_tests:15: 
----- testGenDynFocFromTapeDir
[ERROR] (loadBnp:src/imgtools.c:58: errno: No such file or directory) error opening file
[ERROR] (genDynFocFromTapeDir:src/dynamic_focus.c:37: errno: None) failed to load img
DEBUG tests/imgtools_tests.c:main:329: ----- RUNNING: ./tests/imgtools_tests

DEBUG tests/imgtools_tests.c:all_tests:319: 
----- test_loadBnp_destroyImage
DEBUG tests/imgtools_tests.c:all_tests:320: 
----- test_switchLineOrder
DEBUG tests/imgtools_tests.c:all_tests:321: 
----- test_var
DEBUG tests/imgtools_tests.c:all_tests:322: 
----- test_padImg
DEBUG tests/imgtools_tests.c:all_tests:323: 
----- test_trimImg
DEBUG tests/imgtools_tests.c:all_tests:324: 
----- test_laplacianTransform
DEBUG tests/dynamic_focus_tests.c:main:20: ----- RUNNING: ./tests/dynamic_focus_tests

DEBUG tests/dynamic_focus_tests.c:all_tests:15: 
----- testGenDynFocFromTapeDir
[ERROR] (loadBnp:src/imgtools.c:58: errno: No such file or directory) error opening file
[ERROR] (genDynFocFromTapeDir:src/dynamic_focus.c:37: errno: None) failed to load img
DEBUG tests/imgtools_tests.c:main:329: ----- RUNNING: ./tests/imgtools_tests

DEBUG tests/imgtools_tests.c:all_tests:319: 
----- test_loadBnp_destroyImage
DEBUG tests/imgtools_tests.c:all_tests:320: 
----- test_switchLineOrder
DEBUG tests/imgtools_tests.c:all_tests:321: 
----- test_var
DEBUG tests/imgtools_tests.c:all_tests:322: 
----- test_padImg
DEBUG tests/imgtools_tests.c:all_tests:323: 
----- test_trimImg
DEBUG tests/imgtools_tests.c:all_tests:324: 
----- test_laplacianTransform
DEBUG tests/dynamic_focus_tests.c:main:20: ----- RUNNING: ./tests/dynamic_focus_tests

DEBUG tests/dynamic_focus_tests.c:all_tests:15: 
----- testGenDynFocFromTapeDir
[ERROR] (loadBnp:src/imgtools.c:58: errno: No such file or directory) error opening file
[ERROR] (genDynFocFromTapeDir:src/dynamic_focus.c:37: errno: None) failed to load img
DEBUG tests/imgtools_tests.c:main:329: ----- RUNNING: ./tests/imgtools_tests

DEBUG tests/imgtools_tests.c:all_tests:319: 
----- test_loadBnp_destroyImage
DEBUG tests/imgtools_tests.c:all_tests:320: 
----- test_switchLineOrder
DEBUG tests/imgtools_tests.c:all_tests:321: 
----- test_var
DEBUG tests/imgtools_tests.c:all_tests:322: 
----- test_padImg
DEBUG tests/imgtools_tests.c:all_tests:323: 
----- test_trimImg
DEBUG tests/imgtools_tests.c:all_tests:324: 
----- test_laplacianTransform
DEBUG tests/dynamic_focus_tests.c:main:21: ----- RUNNING: ./tests/dynamic_focus_tests

DEBUG tests/dynamic_focus_tests.c:all_tests:16: 
----- testGenDynFocFromTapeDir
[ERROR] (loadBnp:src/imgtools.c:58: errno: No such file or directory) error opening file
[ERROR] (genDynFocFromTapeDir:src/dynamic_focus.c:37: errno: None) failed to load img
DEBUG tests/imgtools_tests.c:main:329: ----- RUNNING: ./tests/imgtools_tests

DEBUG tests/imgtools_tests.c:all_tests:319: 
----- test_loadBnp_destroyImage
DEBUG tests/imgtools_tests.c:all_tests:320: 
----- test_switchLineOrder
DEBUG tests/imgtools_tests.c:all_tests:321: 
----- test_var
DEBUG tests/imgtools_tests.c:all_tests:322: 
----- test_padImg
DEBUG tests/imgtools_tests.c:all_tests:323: 
----- test_trimImg
DEBUG tests/imgtools_tests.c:all_tests:324: 
----- test_laplacianTransform
DEBUG tests/dynamic_focus_tests.c:main:21: ----- RUNNING: ./tests/dynamic_focus_tests

DEBUG tests/dynamic_focus_tests.c:all_tests:16: 
----- testGenDynFocFromTapeDir
[ERROR] (loadBnp:src/imgtools.c:58: errno: No such file or directory) error opening file
[ERROR] (genDynFocFromTapeDir:src/dynamic_focus.c:37: errno: None) failed to load img
[ERROR] (testGenDynFocFromTapeDir:tests/dynamic_focus_tests.c:8: errno: None) genDynFocFroMTapeDir failed!
DEBUG tests/dynamic_focus_tests.c:main:21: ----- RUNNING: ./tests/dynamic_focus_tests

DEBUG tests/dynamic_focus_tests.c:all_tests:16: 
----- testGenDynFocFromTapeDir
Segmentation fault
DEBUG tests/dynamic_focus_tests.c:main:21: ----- RUNNING: ./tests/dynamic_focus_tests

DEBUG tests/dynamic_focus_tests.c:all_tests:16: 
----- testGenDynFocFromTapeDir
Segmentation fault
DEBUG tests/dynamic_focus_tests.c:main:21: ----- RUNNING: ./tests/dynamic_focus_tests

DEBUG tests/dynamic_focus_tests.c:all_tests:16: 
----- testGenDynFocFromTapeDir
Segmentation fault
DEBUG tests/dynamic_focus_tests.c:main:21: ----- RUNNING: ./tests/dynamic_focus_tests

DEBUG tests/dynamic_focus_tests.c:all_tests:16: 
----- testGenDynFocFromTapeDir
Segmentation fault
DEBUG tests/dynamic_focus_tests.c:main:21: ----- RUNNING: ./tests/dynamic_focus_tests

DEBUG tests/dynamic_focus_tests.c:all_tests:16: 
----- testGenDynFocFromTapeDir
Segmentation fault
DEBUG tests/dynamic_focus_tests.c:main:21: ----- RUNNING: ./tests/dynamic_focus_tests

DEBUG tests/dynamic_focus_tests.c:all_tests:16: 
----- testGenDynFocFromTapeDir
Segmentation fault
DEBUG tests/dynamic_focus_tests.c:main:21: ----- RUNNING: ./tests/dynamic_focus_tests

DEBUG tests/dynamic_focus_tests.c:all_tests:16: 
----- testGenDynFocFromTapeDir
Segmentation fault
DEBUG tests/dynamic_focus_tests.c:main:21: ----- RUNNING: ./tests/dynamic_focus_tests

DEBUG tests/dynamic_focus_tests.c:all_tests:16: 
----- testGenDynFocFromTapeDir
DEBUG tests/dynamic_focus_tests.c:main:21: ----- RUNNING: ./tests/dynamic_focus_tests

DEBUG tests/dynamic_focus_tests.c:all_tests:16: 
----- testGenDynFocFromTapeDir
Segmentation fault
DEBUG tests/dynamic_focus_tests.c:main:21: ----- RUNNING: ./tests/dynamic_focus_tests

DEBUG tests/dynamic_focus_tests.c:all_tests:16: 
----- testGenDynFocFromTapeDir
Segmentation fault
DEBUG tests/dynamic_focus_tests.c:main:21: ----- RUNNING: ./tests/dynamic_focus_tests

DEBUG tests/dynamic_focus_tests.c:all_tests:16: 
----- testGenDynFocFromTapeDir
Segmentation fault
DEBUG tests/dynamic_focus_tests.c:main:21: ----- RUNNING: ./tests/dynamic_focus_tests

DEBUG tests/dynamic_focus_tests.c:all_tests:16: 
----- testGenDynFocFromTapeDir
Segmentation fault
DEBUG tests/dynamic_focus_tests.c:main:21: ----- RUNNING: ./tests/dynamic_focus_tests

DEBUG tests/dynamic_focus_tests.c:all_tests:16: 
----- testGenDynFocFromTapeDir
[ERROR] (laplacianTransform:src/imgtools.c:47: errno: None) should never happen
[ERROR] (calcVol:src/imgtools.c:149: errno: None) return code of laplacian not zero
[ERROR] (genDynFocFromTapeDir:src/dynamic_focus.c:53: errno: None) calcVol returned error (-1)!
[ERROR] (testGenDynFocFromTapeDir:tests/dynamic_focus_tests.c:8: errno: None) genDynFocFroMTapeDir failed!
DEBUG tests/dynamic_focus_tests.c:main:21: ----- RUNNING: ./tests/dynamic_focus_tests

DEBUG tests/dynamic_focus_tests.c:all_tests:16: 
----- testGenDynFocFromTapeDir
[ERROR] (laplacianTransform:src/imgtools.c:47: errno: None) should never happen
[ERROR] (calcVol:src/imgtools.c:149: errno: None) return code of laplacian not zero
[ERROR] (genDynFocFromTapeDir:src/dynamic_focus.c:53: errno: None) calcVol returned error (-1)!
[ERROR] (testGenDynFocFromTapeDir:tests/dynamic_focus_tests.c:8: errno: None) genDynFocFroMTapeDir failed!
DEBUG tests/dynamic_focus_tests.c:main:21: ----- RUNNING: ./tests/dynamic_focus_tests

DEBUG tests/dynamic_focus_tests.c:all_tests:16: 
----- testGenDynFocFromTapeDir
Segmentation fault
DEBUG tests/dynamic_focus_tests.c:main:21: ----- RUNNING: ./tests/dynamic_focus_tests

DEBUG tests/dynamic_focus_tests.c:all_tests:16: 
----- testGenDynFocFromTapeDir
Segmentation fault
DEBUG tests/dynamic_focus_tests.c:main:21: ----- RUNNING: ./tests/dynamic_focus_tests

DEBUG tests/dynamic_focus_tests.c:all_tests:16: 
----- testGenDynFocFromTapeDir
Segmentation fault
DEBUG tests/dynamic_focus_tests.c:main:21: ----- RUNNING: ./tests/dynamic_focus_tests

DEBUG tests/dynamic_focus_tests.c:all_tests:16: 
----- testGenDynFocFromTapeDir
Segmentation fault
DEBUG tests/dynamic_focus_tests.c:main:21: ----- RUNNING: ./tests/dynamic_focus_tests

DEBUG tests/dynamic_focus_tests.c:all_tests:16: 
----- testGenDynFocFromTapeDir
Segmentation fault
DEBUG tests/dynamic_focus_tests.c:main:21: ----- RUNNING: ./tests/dynamic_focus_tests

DEBUG tests/dynamic_focus_tests.c:all_tests:16: 
----- testGenDynFocFromTapeDir
Segmentation fault
DEBUG tests/dynamic_focus_tests.c:main:21: ----- RUNNING: ./tests/dynamic_focus_tests

DEBUG tests/dynamic_focus_tests.c:all_tests:16: 
----- testGenDynFocFromTapeDir
Segmentation fault
DEBUG tests/dynamic_focus_tests.c:main:21: ----- RUNNING: ./tests/dynamic_focus_tests

DEBUG tests/dynamic_focus_tests.c:all_tests:16: 
----- testGenDynFocFromTapeDir
Segmentation fault
DEBUG tests/dynamic_focus_tests.c:main:21: ----- RUNNING: ./tests/dynamic_focus_tests

DEBUG tests/dynamic_focus_tests.c:all_tests:16: 
----- testGenDynFocFromTapeDir
Segmentation fault
DEBUG tests/dynamic_focus_tests.c:main:21: ----- RUNNING: ./tests/dynamic_focus_tests

DEBUG tests/dynamic_focus_tests.c:all_tests:16: 
----- testGenDynFocFromTapeDir
Segmentation fault
DEBUG tests/dynamic_focus_tests.c:main:21: ----- RUNNING: ./tests/dynamic_focus_tests

DEBUG tests/dynamic_focus_tests.c:all_tests:16: 
----- testGenDynFocFromTapeDir
Segmentation fault
DEBUG tests/dynamic_focus_tests.c:main:21: ----- RUNNING: ./tests/dynamic_focus_tests

DEBUG tests/dynamic_focus_tests.c:all_tests:16: 
----- testGenDynFocFromTapeDir
Segmentation fault
DEBUG tests/dynamic_focus_tests.c:main:21: ----- RUNNING: ./tests/dynamic_focus_tests

DEBUG tests/dynamic_focus_tests.c:all_tests:16: 
----- testGenDynFocFromTapeDir
DEBUG tests/dynamic_focus_tests.c:main:21: ----- RUNNING: ./tests/dynamic_focus_tests

DEBUG tests/dynamic_focus_tests.c:all_tests:16: 
----- testGenDynFocFromTapeDir
DEBUG tests/dynamic_focus_tests.c:main:21: ----- RUNNING: ./tests/dynamic_focus_tests

DEBUG tests/dynamic_focus_tests.c:all_tests:16: 
----- testGenDynFocFromTapeDir
[ERROR] (loadBnp:src/imgtools.c:67: errno: Too many open files) error opening file
[ERROR] (genDynFocFromTapeDir:src/dynamic_focus.c:37: errno: None) failed to load img
[ERROR] (testGenDynFocFromTapeDir:tests/dynamic_focus_tests.c:8: errno: None) genDynFocFroMTapeDir failed!
DEBUG tests/dynamic_focus_tests.c:main:21: ----- RUNNING: ./tests/dynamic_focus_tests

DEBUG tests/dynamic_focus_tests.c:all_tests:16: 
----- testGenDynFocFromTapeDir
[ERROR] (genDynFocFromTapeDir:src/dynamic_focus.c:76: errno: None) write to file failed!
[ERROR] (testGenDynFocFromTapeDir:tests/dynamic_focus_tests.c:8: errno: None) genDynFocFroMTapeDir failed!
DEBUG tests/dynamic_focus_tests.c:main:21: ----- RUNNING: ./tests/dynamic_focus_tests

DEBUG tests/dynamic_focus_tests.c:all_tests:16: 
----- testGenDynFocFromTapeDir
[ERROR] (genDynFocFromTapeDir:src/dynamic_focus.c:76: errno: None) write to file failed!
[ERROR] (testGenDynFocFromTapeDir:tests/dynamic_focus_tests.c:8: errno: None) genDynFocFroMTapeDir failed!
DEBUG tests/dynamic_focus_tests.c:main:21: ----- RUNNING: ./tests/dynamic_focus_tests

DEBUG tests/dynamic_focus_tests.c:all_tests:16: 
----- testGenDynFocFromTapeDir
[ERROR] (genDynFocFromTapeDir:src/dynamic_focus.c:76: errno: None) write to file failed!
[ERROR] (testGenDynFocFromTapeDir:tests/dynamic_focus_tests.c:8: errno: None) genDynFocFroMTapeDir failed!
DEBUG tests/dynamic_focus_tests.c:main:21: ----- RUNNING: ./tests/dynamic_focus_tests

DEBUG tests/dynamic_focus_tests.c:all_tests:16: 
----- testGenDynFocFromTapeDir
[ERROR] (genDynFocFromTapeDir:src/dynamic_focus.c:76: errno: None) write to file failed!
[ERROR] (testGenDynFocFromTapeDir:tests/dynamic_focus_tests.c:8: errno: None) genDynFocFroMTapeDir failed!
DEBUG tests/dynamic_focus_tests.c:main:21: ----- RUNNING: ./tests/dynamic_focus_tests

DEBUG tests/dynamic_focus_tests.c:all_tests:16: 
----- testGenDynFocFromTapeDir
[ERROR] (genDynFocFromTapeDir:src/dynamic_focus.c:76: errno: None) write to file failed!
[ERROR] (testGenDynFocFromTapeDir:tests/dynamic_focus_tests.c:8: errno: None) genDynFocFroMTapeDir failed!
DEBUG tests/dynamic_focus_tests.c:main:21: ----- RUNNING: ./tests/dynamic_focus_tests

DEBUG tests/dynamic_focus_tests.c:all_tests:16: 
----- testGenDynFocFromTapeDir
free(): double free detected in tcache 2
Aborted
DEBUG tests/dynamic_focus_tests.c:main:21: ----- RUNNING: ./tests/dynamic_focus_tests

DEBUG tests/dynamic_focus_tests.c:all_tests:16: 
----- testGenDynFocFromTapeDir
DEBUG tests/dynamic_focus_tests.c:main:21: ----- RUNNING: ./tests/dynamic_focus_tests

DEBUG tests/dynamic_focus_tests.c:all_tests:16: 
----- testGenDynFocFromTapeDir
free(): double free detected in tcache 2
Aborted
DEBUG tests/dynamic_focus_tests.c:main:21: ----- RUNNING: ./tests/dynamic_focus_tests

DEBUG tests/dynamic_focus_tests.c:all_tests:16: 
----- testGenDynFocFromTapeDir
DEBUG tests/imgtools_tests.c:main:329: ----- RUNNING: ./tests/imgtools_tests

DEBUG tests/imgtools_tests.c:all_tests:319: 
----- test_loadBnp_destroyImage
DEBUG tests/imgtools_tests.c:all_tests:320: 
----- test_switchLineOrder
DEBUG tests/imgtools_tests.c:all_tests:321: 
----- test_var
DEBUG tests/imgtools_tests.c:all_tests:322: 
----- test_padImg
DEBUG tests/imgtools_tests.c:all_tests:323: 
----- test_trimImg
DEBUG tests/imgtools_tests.c:all_tests:324: 
----- test_laplacianTransform
DEBUG tests/dynamic_focus_tests.c:main:21: ----- RUNNING: ./tests/dynamic_focus_tests

DEBUG tests/dynamic_focus_tests.c:all_tests:16: 
----- testGenDynFocFromTapeDir
DEBUG tests/dynamic_focus_tests.c:main:21: ----- RUNNING: ./tests/dynamic_focus_tests

DEBUG tests/dynamic_focus_tests.c:all_tests:16: 
----- testGenDynFocFromTapeDir
DEBUG tests/imgtools_tests.c:main:329: ----- RUNNING: ./tests/imgtools_tests

DEBUG tests/imgtools_tests.c:all_tests:319: 
----- test_loadBnp_destroyImage
DEBUG tests/imgtools_tests.c:all_tests:320: 
----- test_switchLineOrder
DEBUG tests/imgtools_tests.c:all_tests:321: 
----- test_var
DEBUG tests/imgtools_tests.c:all_tests:322: 
----- test_padImg
DEBUG tests/imgtools_tests.c:all_tests:323: 
----- test_trimImg
DEBUG tests/imgtools_tests.c:all_tests:324: 
----- test_laplacianTransform
DEBUG tests/dynamic_focus_tests.c:main:21: ----- RUNNING: ./tests/dynamic_focus_tests

DEBUG tests/dynamic_focus_tests.c:all_tests:16: 
----- testGenDynFocFromTapeDir
DEBUG tests/dynamic_focus_tests.c:main:21: ----- RUNNING: ./tests/dynamic_focus_tests

DEBUG tests/dynamic_focus_tests.c:all_tests:16: 
----- testGenDynFocFromTapeDir
DEBUG tests/imgtools_tests.c:main:329: ----- RUNNING: ./tests/imgtools_tests

DEBUG tests/imgtools_tests.c:all_tests:319: 
----- test_loadBnp_destroyImage
DEBUG tests/imgtools_tests.c:all_tests:320: 
----- test_switchLineOrder
DEBUG tests/imgtools_tests.c:all_tests:321: 
----- test_var
DEBUG tests/imgtools_tests.c:all_tests:322: 
----- test_padImg
DEBUG tests/imgtools_tests.c:all_tests:323: 
----- test_trimImg
DEBUG tests/imgtools_tests.c:all_tests:324: 
----- test_laplacianTransform
DEBUG tests/dynamic_focus_tests.c:main:21: ----- RUNNING: ./tests/dynamic_focus_tests

DEBUG tests/dynamic_focus_tests.c:all_tests:16: 
----- testGenDynFocFromTapeDir
DEBUG tests/imgtools_tests.c:main:329: ----- RUNNING: ./tests/imgtools_tests

DEBUG tests/imgtools_tests.c:all_tests:319: 
----- test_loadBnp_destroyImage
DEBUG tests/imgtools_tests.c:all_tests:320: 
----- test_switchLineOrder
DEBUG tests/imgtools_tests.c:all_tests:321: 
----- test_var
DEBUG tests/imgtools_tests.c:all_tests:322: 
----- test_padImg
DEBUG tests/imgtools_tests.c:all_tests:323: 
----- test_trimImg
DEBUG tests/imgtools_tests.c:all_tests:324: 
----- test_laplacianTransform
DEBUG tests/dynamic_focus_tests.c:main:21: ----- RUNNING: ./tests/dynamic_focus_tests

DEBUG tests/dynamic_focus_tests.c:all_tests:16: 
----- testGenDynFocFromTapeDir
DEBUG tests/imgtools_tests.c:main:329: ----- RUNNING: ./tests/imgtools_tests

DEBUG tests/imgtools_tests.c:all_tests:319: 
----- test_loadBnp_destroyImage
DEBUG tests/imgtools_tests.c:all_tests:320: 
----- test_switchLineOrder
DEBUG tests/imgtools_tests.c:all_tests:321: 
----- test_var
DEBUG tests/imgtools_tests.c:all_tests:322: 
----- test_padImg
DEBUG tests/imgtools_tests.c:all_tests:323: 
----- test_trimImg
DEBUG tests/imgtools_tests.c:all_tests:324: 
----- test_laplacianTransform
DEBUG tests/dynamic_focus_tests.c:main:21: ----- RUNNING: ./tests/dynamic_focus_tests

DEBUG tests/dynamic_focus_tests.c:all_tests:16: 
----- testGenDynFocFromTapeDir
DEBUG tests/imgtools_tests.c:main:329: ----- RUNNING: ./tests/imgtools_tests

DEBUG tests/imgtools_tests.c:all_tests:319: 
----- test_loadBnp_destroyImage
DEBUG tests/imgtools_tests.c:all_tests:320: 
----- test_switchLineOrder
DEBUG tests/imgtools_tests.c:all_tests:321: 
----- test_var
DEBUG tests/imgtools_tests.c:all_tests:322: 
----- test_padImg
DEBUG tests/imgtools_tests.c:all_tests:323: 
----- test_trimImg
DEBUG tests/imgtools_tests.c:all_tests:324: 
----- test_laplacianTransform
DEBUG tests/dynamic_focus_tests.c:main:21: ----- RUNNING: ./tests/dynamic_focus_tests

DEBUG tests/dynamic_focus_tests.c:all_tests:16: 
----- testGenDynFocFromTapeDir
DEBUG tests/imgtools_tests.c:main:329: ----- RUNNING: ./tests/imgtools_tests

DEBUG tests/imgtools_tests.c:all_tests:319: 
----- test_loadBnp_destroyImage
DEBUG tests/imgtools_tests.c:all_tests:320: 
----- test_switchLineOrder
DEBUG tests/imgtools_tests.c:all_tests:321: 
----- test_var
DEBUG tests/imgtools_tests.c:all_tests:322: 
----- test_padImg
DEBUG tests/imgtools_tests.c:all_tests:323: 
----- test_trimImg
DEBUG tests/imgtools_tests.c:all_tests:324: 
----- test_laplacianTransform
DEBUG tests/dynamic_focus_tests.c:main:21: ----- RUNNING: ./tests/dynamic_focus_tests

DEBUG tests/dynamic_focus_tests.c:all_tests:16: 
----- testGenDynFocFromTapeDir
DEBUG tests/imgtools_tests.c:main:329: ----- RUNNING: ./tests/imgtools_tests

DEBUG tests/imgtools_tests.c:all_tests:319: 
----- test_loadBnp_destroyImage
DEBUG tests/imgtools_tests.c:all_tests:320: 
----- test_switchLineOrder
DEBUG tests/imgtools_tests.c:all_tests:321: 
----- test_var
DEBUG tests/imgtools_tests.c:all_tests:322: 
----- test_padImg
DEBUG tests/imgtools_tests.c:all_tests:323: 
----- test_trimImg
DEBUG tests/imgtools_tests.c:all_tests:324: 
----- test_laplacianTransform
DEBUG tests/dynamic_focus_tests.c:main:21: ----- RUNNING: ./tests/dynamic_focus_tests

DEBUG tests/dynamic_focus_tests.c:all_tests:16: 
----- testGenDynFocFromTapeDir
DEBUG tests/dynamic_focus_tests.c:main:21: ----- RUNNING: ./tests/dynamic_focus_tests

DEBUG tests/imgtools_tests.c:main:369: ----- RUNNING: ./tests/imgtools_tests

DEBUG tests/imgtools_tests.c:all_tests:358: 
----- test_loadBnp_destroyImage
DEBUG tests/imgtools_tests.c:all_tests:359: 
----- test_switchLineOrder
DEBUG tests/imgtools_tests.c:all_tests:360: 
----- test_var
DEBUG tests/imgtools_tests.c:all_tests:361: 
----- test_padImg
DEBUG tests/imgtools_tests.c:all_tests:362: 
----- test_padImgReflective
Segmentation fault
DEBUG tests/dynamic_focus_tests.c:main:21: ----- RUNNING: ./tests/dynamic_focus_tests

DEBUG tests/imgtools_tests.c:main:369: ----- RUNNING: ./tests/imgtools_tests

DEBUG tests/imgtools_tests.c:all_tests:358: 
----- test_loadBnp_destroyImage
DEBUG tests/imgtools_tests.c:all_tests:359: 
----- test_switchLineOrder
DEBUG tests/imgtools_tests.c:all_tests:360: 
----- test_var
DEBUG tests/imgtools_tests.c:all_tests:361: 
----- test_padImg
DEBUG tests/imgtools_tests.c:all_tests:362: 
----- test_padImgReflective
Segmentation fault
DEBUG tests/dynamic_focus_tests.c:main:21: ----- RUNNING: ./tests/dynamic_focus_tests

DEBUG tests/imgtools_tests.c:main:369: ----- RUNNING: ./tests/imgtools_tests

DEBUG tests/imgtools_tests.c:all_tests:358: 
----- test_loadBnp_destroyImage
DEBUG tests/imgtools_tests.c:all_tests:359: 
----- test_switchLineOrder
DEBUG tests/imgtools_tests.c:all_tests:360: 
----- test_var
DEBUG tests/imgtools_tests.c:all_tests:361: 
----- test_padImg
DEBUG tests/imgtools_tests.c:all_tests:362: 
----- test_padImgReflective
Segmentation fault
DEBUG tests/dynamic_focus_tests.c:main:21: ----- RUNNING: ./tests/dynamic_focus_tests

DEBUG tests/imgtools_tests.c:main:369: ----- RUNNING: ./tests/imgtools_tests

DEBUG tests/imgtools_tests.c:all_tests:358: 
----- test_loadBnp_destroyImage
DEBUG tests/imgtools_tests.c:all_tests:359: 
----- test_switchLineOrder
DEBUG tests/imgtools_tests.c:all_tests:360: 
----- test_var
DEBUG tests/imgtools_tests.c:all_tests:361: 
----- test_padImg
DEBUG tests/imgtools_tests.c:all_tests:362: 
----- test_padImgReflective
Segmentation fault
DEBUG tests/dynamic_focus_tests.c:main:21: ----- RUNNING: ./tests/dynamic_focus_tests

DEBUG tests/imgtools_tests.c:main:369: ----- RUNNING: ./tests/imgtools_tests

DEBUG tests/imgtools_tests.c:all_tests:358: 
----- test_loadBnp_destroyImage
DEBUG tests/imgtools_tests.c:all_tests:359: 
----- test_switchLineOrder
DEBUG tests/imgtools_tests.c:all_tests:360: 
----- test_var
DEBUG tests/imgtools_tests.c:all_tests:361: 
----- test_padImg
DEBUG tests/imgtools_tests.c:all_tests:362: 
----- test_padImgReflective
Segmentation fault
DEBUG tests/dynamic_focus_tests.c:main:21: ----- RUNNING: ./tests/dynamic_focus_tests

DEBUG tests/imgtools_tests.c:main:369: ----- RUNNING: ./tests/imgtools_tests

DEBUG tests/imgtools_tests.c:all_tests:358: 
----- test_loadBnp_destroyImage
DEBUG tests/imgtools_tests.c:all_tests:359: 
----- test_switchLineOrder
DEBUG tests/imgtools_tests.c:all_tests:360: 
----- test_var
DEBUG tests/imgtools_tests.c:all_tests:361: 
----- test_padImg
DEBUG tests/imgtools_tests.c:all_tests:362: 
----- test_padImgReflective
Segmentation fault
DEBUG tests/dynamic_focus_tests.c:main:21: ----- RUNNING: ./tests/dynamic_focus_tests

DEBUG tests/imgtools_tests.c:main:369: ----- RUNNING: ./tests/imgtools_tests

DEBUG tests/imgtools_tests.c:all_tests:358: 
----- test_loadBnp_destroyImage
DEBUG tests/imgtools_tests.c:all_tests:359: 
----- test_switchLineOrder
DEBUG tests/imgtools_tests.c:all_tests:360: 
----- test_var
DEBUG tests/imgtools_tests.c:all_tests:361: 
----- test_padImg
DEBUG tests/imgtools_tests.c:all_tests:362: 
----- test_padImgReflective
Segmentation fault
DEBUG tests/dynamic_focus_tests.c:main:21: ----- RUNNING: ./tests/dynamic_focus_tests

DEBUG tests/imgtools_tests.c:main:369: ----- RUNNING: ./tests/imgtools_tests

DEBUG tests/imgtools_tests.c:all_tests:358: 
----- test_loadBnp_destroyImage
DEBUG tests/imgtools_tests.c:all_tests:359: 
----- test_switchLineOrder
DEBUG tests/imgtools_tests.c:all_tests:360: 
----- test_var
DEBUG tests/imgtools_tests.c:all_tests:361: 
----- test_padImg
DEBUG tests/imgtools_tests.c:all_tests:362: 
----- test_padImgReflective
Segmentation fault
DEBUG tests/dynamic_focus_tests.c:main:21: ----- RUNNING: ./tests/dynamic_focus_tests

DEBUG tests/imgtools_tests.c:main:369: ----- RUNNING: ./tests/imgtools_tests

DEBUG tests/imgtools_tests.c:all_tests:358: 
----- test_loadBnp_destroyImage
DEBUG tests/imgtools_tests.c:all_tests:359: 
----- test_switchLineOrder
DEBUG tests/imgtools_tests.c:all_tests:360: 
----- test_var
DEBUG tests/imgtools_tests.c:all_tests:361: 
----- test_padImg
DEBUG tests/imgtools_tests.c:all_tests:362: 
----- test_padImgReflective
Segmentation fault
DEBUG tests/dynamic_focus_tests.c:main:21: ----- RUNNING: ./tests/dynamic_focus_tests

DEBUG tests/imgtools_tests.c:main:369: ----- RUNNING: ./tests/imgtools_tests

DEBUG tests/imgtools_tests.c:all_tests:358: 
----- test_loadBnp_destroyImage
DEBUG tests/imgtools_tests.c:all_tests:359: 
----- test_switchLineOrder
DEBUG tests/imgtools_tests.c:all_tests:360: 
----- test_var
DEBUG tests/imgtools_tests.c:all_tests:361: 
----- test_padImg
DEBUG tests/imgtools_tests.c:all_tests:362: 
----- test_padImgReflective
Segmentation fault
DEBUG tests/dynamic_focus_tests.c:main:21: ----- RUNNING: ./tests/dynamic_focus_tests

DEBUG tests/imgtools_tests.c:main:369: ----- RUNNING: ./tests/imgtools_tests

DEBUG tests/imgtools_tests.c:all_tests:358: 
----- test_loadBnp_destroyImage
DEBUG tests/imgtools_tests.c:all_tests:359: 
----- test_switchLineOrder
DEBUG tests/imgtools_tests.c:all_tests:360: 
----- test_var
DEBUG tests/imgtools_tests.c:all_tests:361: 
----- test_padImg
DEBUG tests/imgtools_tests.c:all_tests:362: 
----- test_padImgReflective
Segmentation fault
DEBUG tests/dynamic_focus_tests.c:main:21: ----- RUNNING: ./tests/dynamic_focus_tests

DEBUG tests/imgtools_tests.c:main:369: ----- RUNNING: ./tests/imgtools_tests

DEBUG tests/imgtools_tests.c:all_tests:358: 
----- test_loadBnp_destroyImage
DEBUG tests/imgtools_tests.c:all_tests:359: 
----- test_switchLineOrder
DEBUG tests/imgtools_tests.c:all_tests:360: 
----- test_var
DEBUG tests/imgtools_tests.c:all_tests:361: 
----- test_padImg
DEBUG tests/imgtools_tests.c:all_tests:362: 
----- test_padImgReflective
Segmentation fault
DEBUG tests/dynamic_focus_tests.c:main:21: ----- RUNNING: ./tests/dynamic_focus_tests

DEBUG tests/imgtools_tests.c:main:369: ----- RUNNING: ./tests/imgtools_tests

DEBUG tests/imgtools_tests.c:all_tests:358: 
----- test_loadBnp_destroyImage
DEBUG tests/imgtools_tests.c:all_tests:359: 
----- test_switchLineOrder
DEBUG tests/imgtools_tests.c:all_tests:360: 
----- test_var
DEBUG tests/imgtools_tests.c:all_tests:361: 
----- test_padImg
DEBUG tests/imgtools_tests.c:all_tests:362: 
----- test_padImgReflective
Segmentation fault
DEBUG tests/dynamic_focus_tests.c:main:21: ----- RUNNING: ./tests/dynamic_focus_tests

DEBUG tests/imgtools_tests.c:main:369: ----- RUNNING: ./tests/imgtools_tests

DEBUG tests/imgtools_tests.c:all_tests:358: 
----- test_loadBnp_destroyImage
DEBUG tests/imgtools_tests.c:all_tests:359: 
----- test_switchLineOrder
DEBUG tests/imgtools_tests.c:all_tests:360: 
----- test_var
DEBUG tests/imgtools_tests.c:all_tests:361: 
----- test_padImg
DEBUG tests/imgtools_tests.c:all_tests:362: 
----- test_padImgReflective
Segmentation fault
DEBUG tests/dynamic_focus_tests.c:main:21: ----- RUNNING: ./tests/dynamic_focus_tests

DEBUG tests/imgtools_tests.c:main:369: ----- RUNNING: ./tests/imgtools_tests

DEBUG tests/imgtools_tests.c:all_tests:358: 
----- test_loadBnp_destroyImage
DEBUG tests/imgtools_tests.c:all_tests:359: 
----- test_switchLineOrder
DEBUG tests/imgtools_tests.c:all_tests:360: 
----- test_var
DEBUG tests/imgtools_tests.c:all_tests:361: 
----- test_padImg
DEBUG tests/imgtools_tests.c:all_tests:362: 
----- test_padImgReflective
Segmentation fault
DEBUG tests/dynamic_focus_tests.c:main:21: ----- RUNNING: ./tests/dynamic_focus_tests

DEBUG tests/imgtools_tests.c:main:369: ----- RUNNING: ./tests/imgtools_tests

DEBUG tests/imgtools_tests.c:all_tests:358: 
----- test_loadBnp_destroyImage
DEBUG tests/imgtools_tests.c:all_tests:359: 
----- test_switchLineOrder
DEBUG tests/imgtools_tests.c:all_tests:360: 
----- test_var
DEBUG tests/imgtools_tests.c:all_tests:361: 
----- test_padImg
DEBUG tests/imgtools_tests.c:all_tests:362: 
----- test_padImgReflective
Segmentation fault
DEBUG tests/dynamic_focus_tests.c:main:21: ----- RUNNING: ./tests/dynamic_focus_tests

DEBUG tests/imgtools_tests.c:main:369: ----- RUNNING: ./tests/imgtools_tests

DEBUG tests/imgtools_tests.c:all_tests:358: 
----- test_loadBnp_destroyImage
DEBUG tests/imgtools_tests.c:all_tests:359: 
----- test_switchLineOrder
DEBUG tests/imgtools_tests.c:all_tests:360: 
----- test_var
DEBUG tests/imgtools_tests.c:all_tests:361: 
----- test_padImg
DEBUG tests/imgtools_tests.c:all_tests:362: 
----- test_padImgReflective
Segmentation fault
DEBUG tests/dynamic_focus_tests.c:main:21: ----- RUNNING: ./tests/dynamic_focus_tests

DEBUG tests/imgtools_tests.c:main:369: ----- RUNNING: ./tests/imgtools_tests

DEBUG tests/imgtools_tests.c:all_tests:358: 
----- test_loadBnp_destroyImage
DEBUG tests/imgtools_tests.c:all_tests:359: 
----- test_switchLineOrder
DEBUG tests/imgtools_tests.c:all_tests:360: 
----- test_var
DEBUG tests/imgtools_tests.c:all_tests:361: 
----- test_padImg
DEBUG tests/imgtools_tests.c:all_tests:362: 
----- test_padImgReflective
Segmentation fault
DEBUG tests/dynamic_focus_tests.c:main:21: ----- RUNNING: ./tests/dynamic_focus_tests

DEBUG tests/imgtools_tests.c:main:369: ----- RUNNING: ./tests/imgtools_tests

DEBUG tests/imgtools_tests.c:all_tests:358: 
----- test_loadBnp_destroyImage
DEBUG tests/imgtools_tests.c:all_tests:359: 
----- test_switchLineOrder
DEBUG tests/imgtools_tests.c:all_tests:360: 
----- test_var
DEBUG tests/imgtools_tests.c:all_tests:361: 
----- test_padImg
DEBUG tests/imgtools_tests.c:all_tests:362: 
----- test_padImgReflective
[ERROR] (test_padImgReflective:tests/imgtools_tests.c:148: errno: None) padImg failed to produce expected target!
DEBUG tests/dynamic_focus_tests.c:main:21: ----- RUNNING: ./tests/dynamic_focus_tests

DEBUG tests/imgtools_tests.c:main:375: ----- RUNNING: ./tests/imgtools_tests

DEBUG tests/imgtools_tests.c:all_tests:364: 
----- test_loadBnp_destroyImage
DEBUG tests/imgtools_tests.c:all_tests:365: 
----- test_switchLineOrder
DEBUG tests/imgtools_tests.c:all_tests:366: 
----- test_var
DEBUG tests/imgtools_tests.c:all_tests:367: 
----- test_padImg
DEBUG tests/imgtools_tests.c:all_tests:368: 
----- test_padImgReflective
[ERROR] (test_padImgReflective:tests/imgtools_tests.c:154: errno: None) padImg failed to produce expected target!
DEBUG tests/dynamic_focus_tests.c:main:21: ----- RUNNING: ./tests/dynamic_focus_tests

DEBUG tests/imgtools_tests.c:main:375: ----- RUNNING: ./tests/imgtools_tests

DEBUG tests/imgtools_tests.c:all_tests:364: 
----- test_loadBnp_destroyImage
DEBUG tests/imgtools_tests.c:all_tests:365: 
----- test_switchLineOrder
DEBUG tests/imgtools_tests.c:all_tests:366: 
----- test_var
DEBUG tests/imgtools_tests.c:all_tests:367: 
----- test_padImg
DEBUG tests/imgtools_tests.c:all_tests:368: 
----- test_padImgReflective
[ERROR] (test_padImgReflective:tests/imgtools_tests.c:154: errno: None) padImg failed to produce expected target!
DEBUG tests/dynamic_focus_tests.c:main:21: ----- RUNNING: ./tests/dynamic_focus_tests

DEBUG tests/imgtools_tests.c:main:375: ----- RUNNING: ./tests/imgtools_tests

DEBUG tests/imgtools_tests.c:all_tests:364: 
----- test_loadBnp_destroyImage
DEBUG tests/imgtools_tests.c:all_tests:365: 
----- test_switchLineOrder
DEBUG tests/imgtools_tests.c:all_tests:366: 
----- test_var
DEBUG tests/imgtools_tests.c:all_tests:367: 
----- test_padImg
DEBUG tests/imgtools_tests.c:all_tests:368: 
----- test_padImgReflective
[ERROR] (test_padImgReflective:tests/imgtools_tests.c:154: errno: None) padImg failed to produce expected target!
DEBUG tests/dynamic_focus_tests.c:main:21: ----- RUNNING: ./tests/dynamic_focus_tests

DEBUG tests/imgtools_tests.c:main:375: ----- RUNNING: ./tests/imgtools_tests

DEBUG tests/imgtools_tests.c:all_tests:364: 
----- test_loadBnp_destroyImage
DEBUG tests/imgtools_tests.c:all_tests:365: 
----- test_switchLineOrder
DEBUG tests/imgtools_tests.c:all_tests:366: 
----- test_var
DEBUG tests/imgtools_tests.c:all_tests:367: 
----- test_padImg
DEBUG tests/imgtools_tests.c:all_tests:368: 
----- test_padImgReflective
[ERROR] (test_padImgReflective:tests/imgtools_tests.c:154: errno: None) padImg failed to produce expected target!
DEBUG tests/dynamic_focus_tests.c:main:21: ----- RUNNING: ./tests/dynamic_focus_tests

DEBUG tests/imgtools_tests.c:main:375: ----- RUNNING: ./tests/imgtools_tests

DEBUG tests/imgtools_tests.c:all_tests:364: 
----- test_loadBnp_destroyImage
DEBUG tests/imgtools_tests.c:all_tests:365: 
----- test_switchLineOrder
DEBUG tests/imgtools_tests.c:all_tests:366: 
----- test_var
DEBUG tests/imgtools_tests.c:all_tests:367: 
----- test_padImg
DEBUG tests/imgtools_tests.c:all_tests:368: 
----- test_padImgReflective
[ERROR] (test_padImgReflective:tests/imgtools_tests.c:154: errno: None) padImg failed to produce expected target!
DEBUG tests/dynamic_focus_tests.c:main:21: ----- RUNNING: ./tests/dynamic_focus_tests

DEBUG tests/imgtools_tests.c:main:375: ----- RUNNING: ./tests/imgtools_tests

DEBUG tests/imgtools_tests.c:all_tests:364: 
----- test_loadBnp_destroyImage
DEBUG tests/imgtools_tests.c:all_tests:365: 
----- test_switchLineOrder
DEBUG tests/imgtools_tests.c:all_tests:366: 
----- test_var
DEBUG tests/imgtools_tests.c:all_tests:367: 
----- test_padImg
DEBUG tests/imgtools_tests.c:all_tests:368: 
----- test_padImgReflective
[ERROR] (test_padImgReflective:tests/imgtools_tests.c:154: errno: None) padImg failed to produce expected target!
DEBUG tests/dynamic_focus_tests.c:main:21: ----- RUNNING: ./tests/dynamic_focus_tests

DEBUG tests/imgtools_tests.c:main:375: ----- RUNNING: ./tests/imgtools_tests

DEBUG tests/imgtools_tests.c:all_tests:364: 
----- test_loadBnp_destroyImage
DEBUG tests/imgtools_tests.c:all_tests:365: 
----- test_switchLineOrder
DEBUG tests/imgtools_tests.c:all_tests:366: 
----- test_var
DEBUG tests/imgtools_tests.c:all_tests:367: 
----- test_padImg
DEBUG tests/imgtools_tests.c:all_tests:368: 
----- test_padImgReflective
[ERROR] (test_padImgReflective:tests/imgtools_tests.c:154: errno: None) padImg failed to produce expected target!
DEBUG tests/dynamic_focus_tests.c:main:21: ----- RUNNING: ./tests/dynamic_focus_tests

DEBUG tests/imgtools_tests.c:main:375: ----- RUNNING: ./tests/imgtools_tests

DEBUG tests/imgtools_tests.c:all_tests:364: 
----- test_loadBnp_destroyImage
DEBUG tests/imgtools_tests.c:all_tests:365: 
----- test_switchLineOrder
DEBUG tests/imgtools_tests.c:all_tests:366: 
----- test_var
DEBUG tests/imgtools_tests.c:all_tests:367: 
----- test_padImg
DEBUG tests/imgtools_tests.c:all_tests:368: 
----- test_padImgReflective
DEBUG tests/imgtools_tests.c:all_tests:369: 
----- test_trimImg
DEBUG tests/imgtools_tests.c:all_tests:370: 
----- test_laplacianTransform
DEBUG tests/dynamic_focus_tests.c:main:21: ----- RUNNING: ./tests/dynamic_focus_tests

DEBUG tests/imgtools_tests.c:main:375: ----- RUNNING: ./tests/imgtools_tests

DEBUG tests/imgtools_tests.c:all_tests:364: 
----- test_loadBnp_destroyImage
DEBUG tests/imgtools_tests.c:all_tests:365: 
----- test_switchLineOrder
DEBUG tests/imgtools_tests.c:all_tests:366: 
----- test_var
DEBUG tests/imgtools_tests.c:all_tests:367: 
----- test_padImg
DEBUG tests/imgtools_tests.c:all_tests:368: 
----- test_padImgReflective
DEBUG tests/imgtools_tests.c:all_tests:369: 
----- test_trimImg
DEBUG tests/imgtools_tests.c:all_tests:370: 
----- test_laplacianTransform
DEBUG tests/dynamic_focus_tests.c:main:21: ----- RUNNING: ./tests/dynamic_focus_tests

DEBUG tests/imgtools_tests.c:main:377: ----- RUNNING: ./tests/imgtools_tests

DEBUG tests/imgtools_tests.c:all_tests:366: 
----- test_loadBnp_destroyImage
DEBUG tests/imgtools_tests.c:all_tests:367: 
----- test_switchLineOrder
DEBUG tests/imgtools_tests.c:all_tests:368: 
----- test_var
DEBUG tests/imgtools_tests.c:all_tests:369: 
----- test_padImg
DEBUG tests/imgtools_tests.c:all_tests:370: 
----- test_padImgReflective
DEBUG tests/imgtools_tests.c:all_tests:371: 
----- test_trimImg
DEBUG tests/imgtools_tests.c:all_tests:372: 
----- test_laplacianTransform
DEBUG tests/dynamic_focus_tests.c:main:21: ----- RUNNING: ./tests/dynamic_focus_tests

DEBUG tests/dynamic_focus_tests.c:all_tests:16: 
----- testGenDynFocFromTapeDir
DEBUG tests/imgtools_tests.c:main:377: ----- RUNNING: ./tests/imgtools_tests

DEBUG tests/imgtools_tests.c:all_tests:366: 
----- test_loadBnp_destroyImage
DEBUG tests/imgtools_tests.c:all_tests:367: 
----- test_switchLineOrder
DEBUG tests/imgtools_tests.c:all_tests:368: 
----- test_var
DEBUG tests/imgtools_tests.c:all_tests:369: 
----- test_padImg
DEBUG tests/imgtools_tests.c:all_tests:370: 
----- test_padImgReflective
DEBUG tests/imgtools_tests.c:all_tests:371: 
----- test_trimImg
DEBUG tests/imgtools_tests.c:all_tests:372: 
----- test_laplacianTransform
DEBUG tests/dynamic_focus_tests.c:main:21: ----- RUNNING: ./tests/dynamic_focus_tests

DEBUG tests/dynamic_focus_tests.c:all_tests:16: 
----- testGenDynFocFromTapeDir
DEBUG tests/imgtools_tests.c:main:377: ----- RUNNING: ./tests/imgtools_tests

DEBUG tests/imgtools_tests.c:all_tests:366: 
----- test_loadBnp_destroyImage
DEBUG tests/imgtools_tests.c:all_tests:367: 
----- test_switchLineOrder
DEBUG tests/imgtools_tests.c:all_tests:368: 
----- test_var
DEBUG tests/imgtools_tests.c:all_tests:369: 
----- test_padImg
DEBUG tests/imgtools_tests.c:all_tests:370: 
----- test_padImgReflective
DEBUG tests/imgtools_tests.c:all_tests:371: 
----- test_trimImg
DEBUG tests/imgtools_tests.c:all_tests:372: 
----- test_laplacianTransform
DEBUG tests/dynamic_focus_tests.c:main:21: ----- RUNNING: ./tests/dynamic_focus_tests

DEBUG tests/dynamic_focus_tests.c:all_tests:16: 
----- testGenDynFocFromTapeDir
DEBUG tests/dynamic_focus_tests.c:main:21: ----- RUNNING: ./tests/dynamic_focus_tests

DEBUG tests/imgtools_tests.c:main:377: ----- RUNNING: ./tests/imgtools_tests

DEBUG tests/imgtools_tests.c:all_tests:366: 
----- test_loadBnp_destroyImage
DEBUG tests/imgtools_tests.c:all_tests:367: 
----- test_switchLineOrder
DEBUG tests/imgtools_tests.c:all_tests:368: 
----- test_var
DEBUG tests/imgtools_tests.c:all_tests:369: 
----- test_padImg
DEBUG tests/imgtools_tests.c:all_tests:370: 
----- test_padImgReflective
[ERROR] (test_padImgReflective:tests/imgtools_tests.c:156: errno: None) padImg failed to produce expected target!
DEBUG tests/dynamic_focus_tests.c:main:21: ----- RUNNING: ./tests/dynamic_focus_tests

DEBUG tests/imgtools_tests.c:main:377: ----- RUNNING: ./tests/imgtools_tests

DEBUG tests/imgtools_tests.c:all_tests:366: 
----- test_loadBnp_destroyImage
DEBUG tests/imgtools_tests.c:all_tests:367: 
----- test_switchLineOrder
DEBUG tests/imgtools_tests.c:all_tests:368: 
----- test_var
DEBUG tests/imgtools_tests.c:all_tests:369: 
----- test_padImg
DEBUG tests/imgtools_tests.c:all_tests:370: 
----- test_padImgReflective
[ERROR] (test_padImgReflective:tests/imgtools_tests.c:156: errno: None) padImg failed to produce expected target!
DEBUG tests/dynamic_focus_tests.c:main:21: ----- RUNNING: ./tests/dynamic_focus_tests

DEBUG tests/imgtools_tests.c:main:377: ----- RUNNING: ./tests/imgtools_tests

DEBUG tests/imgtools_tests.c:all_tests:366: 
----- test_loadBnp_destroyImage
DEBUG tests/imgtools_tests.c:all_tests:367: 
----- test_switchLineOrder
DEBUG tests/imgtools_tests.c:all_tests:368: 
----- test_var
DEBUG tests/imgtools_tests.c:all_tests:369: 
----- test_padImg
DEBUG tests/imgtools_tests.c:all_tests:370: 
----- test_padImgReflective
DEBUG tests/imgtools_tests.c:all_tests:371: 
----- test_trimImg
DEBUG tests/imgtools_tests.c:all_tests:372: 
----- test_laplacianTransform
DEBUG tests/dynamic_focus_tests.c:main:21: ----- RUNNING: ./tests/dynamic_focus_tests

DEBUG tests/dynamic_focus_tests.c:all_tests:16: 
----- testGenDynFocFromTapeDir
DEBUG tests/imgtools_tests.c:main:377: ----- RUNNING: ./tests/imgtools_tests

DEBUG tests/imgtools_tests.c:all_tests:366: 
----- test_loadBnp_destroyImage
DEBUG tests/imgtools_tests.c:all_tests:367: 
----- test_switchLineOrder
DEBUG tests/imgtools_tests.c:all_tests:368: 
----- test_var
DEBUG tests/imgtools_tests.c:all_tests:369: 
----- test_padImg
DEBUG tests/imgtools_tests.c:all_tests:370: 
----- test_padImgReflective
DEBUG tests/imgtools_tests.c:all_tests:371: 
----- test_trimImg
DEBUG tests/imgtools_tests.c:all_tests:372: 
----- test_laplacianTransform
